{"/home/runner/work/AR-AutisReality/AR-AutisReality/dashboard/main.js": {"path":"/home/runner/work/AR-AutisReality/AR-AutisReality/dashboard/main.js","statementMap":{"0":{"start":{"line":1,"column":23},"end":{"line":9,"column":1}},"1":{"start":{"line":12,"column":2},"end":{"line":12,"column":null}},"2":{"start":{"line":16,"column":2},"end":{"line":16,"column":null}},"3":{"start":{"line":20,"column":2},"end":{"line":23,"column":null}},"4":{"start":{"line":27,"column":2},"end":{"line":27,"column":null}},"5":{"start":{"line":28,"column":2},"end":{"line":28,"column":null}},"6":{"start":{"line":32,"column":2},"end":{"line":34,"column":null}},"7":{"start":{"line":33,"column":4},"end":{"line":33,"column":null}},"8":{"start":{"line":36,"column":2},"end":{"line":36,"column":null}},"9":{"start":{"line":38,"column":2},"end":{"line":44,"column":null}},"10":{"start":{"line":39,"column":20},"end":{"line":39,"column":69}},"11":{"start":{"line":40,"column":4},"end":{"line":40,"column":null}},"12":{"start":{"line":41,"column":4},"end":{"line":41,"column":null}},"13":{"start":{"line":43,"column":4},"end":{"line":43,"column":null}}},"fnMap":{"0":{"name":"getDashboardState","decl":{"start":{"line":11,"column":16},"end":{"line":11,"column":33}},"loc":{"start":{"line":11,"column":36},"end":{"line":13,"column":null}},"line":11},"1":{"name":"setDashboardLoading","decl":{"start":{"line":15,"column":16},"end":{"line":15,"column":35}},"loc":{"start":{"line":15,"column":47},"end":{"line":17,"column":null}},"line":15},"2":{"name":"setDashboardFilters","decl":{"start":{"line":19,"column":16},"end":{"line":19,"column":35}},"loc":{"start":{"line":19,"column":54},"end":{"line":24,"column":null}},"line":19},"3":{"name":"setDashboardWidgets","decl":{"start":{"line":26,"column":16},"end":{"line":26,"column":35}},"loc":{"start":{"line":26,"column":50},"end":{"line":29,"column":null}},"line":26},"4":{"name":"refreshDashboard","decl":{"start":{"line":31,"column":22},"end":{"line":31,"column":38}},"loc":{"start":{"line":31,"column":53},"end":{"line":45,"column":null}},"line":31}},"branchMap":{"0":{"loc":{"start":{"line":19,"column":36},"end":{"line":19,"column":52}},"type":"default-arg","locations":[{"start":{"line":19,"column":50},"end":{"line":19,"column":52}}],"line":19},"1":{"loc":{"start":{"line":26,"column":36},"end":{"line":26,"column":48}},"type":"default-arg","locations":[{"start":{"line":26,"column":46},"end":{"line":26,"column":48}}],"line":26},"2":{"loc":{"start":{"line":27,"column":27},"end":{"line":27,"column":64}},"type":"cond-expr","locations":[{"start":{"line":27,"column":52},"end":{"line":27,"column":59}},{"start":{"line":27,"column":62},"end":{"line":27,"column":64}}],"line":27},"3":{"loc":{"start":{"line":32,"column":2},"end":{"line":34,"column":null}},"type":"if","locations":[{"start":{"line":32,"column":2},"end":{"line":34,"column":null}},{"start":{},"end":{}}],"line":32}},"s":{"0":2,"1":7,"2":10,"3":8,"4":8,"5":8,"6":3,"7":1,"8":2,"9":2,"10":2,"11":1,"12":1,"13":2},"f":{"0":7,"1":10,"2":8,"3":8,"4":3},"b":{"0":[8],"1":[8],"2":[7,1],"3":[1,2]},"meta":{"lastBranch":4,"lastFunction":5,"lastStatement":14,"seen":{"s:1:23:9:1":0,"f:11:16:11:33":0,"s:12:2:12:Infinity":1,"f:15:16:15:35":1,"s:16:2:16:Infinity":2,"f:19:16:19:35":2,"b:19:50:19:52":0,"s:20:2:23:Infinity":3,"f:26:16:26:35":3,"b:26:46:26:48":1,"s:27:2:27:Infinity":4,"b:27:52:27:59:27:62:27:64":2,"s:28:2:28:Infinity":5,"f:31:22:31:38":4,"b:32:2:34:Infinity:undefined:undefined:undefined:undefined":3,"s:32:2:34:Infinity":6,"s:33:4:33:Infinity":7,"s:36:2:36:Infinity":8,"s:38:2:44:Infinity":9,"s:39:20:39:69":10,"s:40:4:40:Infinity":11,"s:41:4:41:Infinity":12,"s:43:4:43:Infinity":13}}}
,"/home/runner/work/AR-AutisReality/AR-AutisReality/src/App.jsx": {"path":"/home/runner/work/AR-AutisReality/AR-AutisReality/src/App.jsx","statementMap":{"0":{"start":{"line":10,"column":20},"end":{"line":14,"column":null}},"1":{"start":{"line":16,"column":28},"end":{"line":21,"column":null}},"2":{"start":{"line":16,"column":55},"end":{"line":21,"column":2}},"3":{"start":{"line":23,"column":24},"end":{"line":28,"column":null}},"4":{"start":{"line":30,"column":28},"end":{"line":30,"column":null}},"5":{"start":{"line":31,"column":29},"end":{"line":31,"column":null}},"6":{"start":{"line":32,"column":31},"end":{"line":32,"column":null}},"7":{"start":{"line":33,"column":33},"end":{"line":33,"column":null}},"8":{"start":{"line":34,"column":29},"end":{"line":34,"column":null}},"9":{"start":{"line":35,"column":25},"end":{"line":35,"column":null}},"10":{"start":{"line":36,"column":24},"end":{"line":36,"column":null}},"11":{"start":{"line":37,"column":35},"end":{"line":37,"column":null}},"12":{"start":{"line":38,"column":36},"end":{"line":38,"column":null}},"13":{"start":{"line":39,"column":38},"end":{"line":39,"column":null}},"14":{"start":{"line":40,"column":35},"end":{"line":40,"column":null}},"15":{"start":{"line":41,"column":17},"end":{"line":41,"column":null}},"16":{"start":{"line":42,"column":16},"end":{"line":42,"column":null}},"17":{"start":{"line":43,"column":35},"end":{"line":50,"column":null}},"18":{"start":{"line":52,"column":42},"end":{"line":52,"column":null}},"19":{"start":{"line":54,"column":30},"end":{"line":54,"column":null}},"20":{"start":{"line":56,"column":21},"end":{"line":60,"column":null}},"21":{"start":{"line":63,"column":2},"end":{"line":63,"column":null}},"22":{"start":{"line":67,"column":2},"end":{"line":67,"column":null}},"23":{"start":{"line":71,"column":2},"end":{"line":73,"column":null}},"24":{"start":{"line":72,"column":4},"end":{"line":72,"column":null}},"25":{"start":{"line":74,"column":2},"end":{"line":81,"column":null}},"26":{"start":{"line":75,"column":22},"end":{"line":75,"column":60}},"27":{"start":{"line":76,"column":27},"end":{"line":81,"column":6}},"28":{"start":{"line":85,"column":2},"end":{"line":85,"column":null}},"29":{"start":{"line":89,"column":2},"end":{"line":91,"column":null}},"30":{"start":{"line":90,"column":4},"end":{"line":90,"column":null}},"31":{"start":{"line":93,"column":2},"end":{"line":97,"column":null}},"32":{"start":{"line":95,"column":33},"end":{"line":95,"column":98}},"33":{"start":{"line":96,"column":30},"end":{"line":96,"column":51}},"34":{"start":{"line":101,"column":2},"end":{"line":103,"column":null}},"35":{"start":{"line":102,"column":4},"end":{"line":102,"column":null}},"36":{"start":{"line":105,"column":2},"end":{"line":109,"column":null}},"37":{"start":{"line":107,"column":34},"end":{"line":107,"column":88}},"38":{"start":{"line":108,"column":31},"end":{"line":108,"column":45}},"39":{"start":{"line":113,"column":2},"end":{"line":115,"column":null}},"40":{"start":{"line":114,"column":4},"end":{"line":114,"column":null}},"41":{"start":{"line":117,"column":2},"end":{"line":121,"column":null}},"42":{"start":{"line":119,"column":32},"end":{"line":119,"column":81}},"43":{"start":{"line":120,"column":29},"end":{"line":120,"column":75}},"44":{"start":{"line":125,"column":2},"end":{"line":127,"column":null}},"45":{"start":{"line":126,"column":4},"end":{"line":126,"column":null}},"46":{"start":{"line":129,"column":2},"end":{"line":154,"column":null}},"47":{"start":{"line":131,"column":25},"end":{"line":131,"column":48}},"48":{"start":{"line":132,"column":36},"end":{"line":153,"column":7}},"49":{"start":{"line":136,"column":27},"end":{"line":140,"column":null}},"50":{"start":{"line":138,"column":18},"end":{"line":139,"column":null}},"51":{"start":{"line":141,"column":14},"end":{"line":150,"column":null}},"52":{"start":{"line":158,"column":2},"end":{"line":160,"column":null}},"53":{"start":{"line":159,"column":4},"end":{"line":159,"column":null}},"54":{"start":{"line":162,"column":2},"end":{"line":171,"column":null}},"55":{"start":{"line":163,"column":23},"end":{"line":163,"column":62}},"56":{"start":{"line":164,"column":21},"end":{"line":170,"column":6}},"57":{"start":{"line":171,"column":20},"end":{"line":171,"column":48}},"58":{"start":{"line":175,"column":2},"end":{"line":177,"column":null}},"59":{"start":{"line":176,"column":4},"end":{"line":176,"column":null}},"60":{"start":{"line":179,"column":2},"end":{"line":179,"column":null}},"61":{"start":{"line":179,"column":33},"end":{"line":179,"column":58}},"62":{"start":{"line":183,"column":2},"end":{"line":185,"column":null}},"63":{"start":{"line":184,"column":4},"end":{"line":184,"column":null}},"64":{"start":{"line":187,"column":2},"end":{"line":199,"column":null}},"65":{"start":{"line":188,"column":22},"end":{"line":188,"column":60}},"66":{"start":{"line":189,"column":27},"end":{"line":199,"column":6}},"67":{"start":{"line":194,"column":63},"end":{"line":194,"column":82}},"68":{"start":{"line":203,"column":14},"end":{"line":203,"column":null}},"69":{"start":{"line":204,"column":2},"end":{"line":214,"column":null}},"70":{"start":{"line":205,"column":4},"end":{"line":207,"column":null}},"71":{"start":{"line":206,"column":6},"end":{"line":206,"column":null}},"72":{"start":{"line":208,"column":4},"end":{"line":213,"column":null}},"73":{"start":{"line":216,"column":2},"end":{"line":223,"column":null}},"74":{"start":{"line":217,"column":4},"end":{"line":222,"column":null}},"75":{"start":{"line":227,"column":18},"end":{"line":227,"column":null}},"76":{"start":{"line":228,"column":2},"end":{"line":228,"column":null}},"77":{"start":{"line":232,"column":2},"end":{"line":234,"column":null}},"78":{"start":{"line":233,"column":4},"end":{"line":233,"column":null}},"79":{"start":{"line":235,"column":2},"end":{"line":235,"column":null}},"80":{"start":{"line":239,"column":2},"end":{"line":241,"column":null}},"81":{"start":{"line":240,"column":4},"end":{"line":240,"column":null}},"82":{"start":{"line":243,"column":2},"end":{"line":268,"column":null}},"83":{"start":{"line":272,"column":2},"end":{"line":274,"column":null}},"84":{"start":{"line":273,"column":4},"end":{"line":273,"column":null}},"85":{"start":{"line":276,"column":2},"end":{"line":283,"column":null}},"86":{"start":{"line":278,"column":25},"end":{"line":278,"column":48}},"87":{"start":{"line":279,"column":33},"end":{"line":282,"column":7}},"88":{"start":{"line":286,"column":20},"end":{"line":286,"column":null}},"89":{"start":{"line":289,"column":2},"end":{"line":289,"column":null}},"90":{"start":{"line":289,"column":29},"end":{"line":289,"column":null}},"91":{"start":{"line":290,"column":2},"end":{"line":296,"column":null}},"92":{"start":{"line":291,"column":19},"end":{"line":291,"column":78}},"93":{"start":{"line":292,"column":17},"end":{"line":296,"column":6}},"94":{"start":{"line":300,"column":2},"end":{"line":300,"column":null}},"95":{"start":{"line":300,"column":11},"end":{"line":300,"column":null}},"96":{"start":{"line":301,"column":16},"end":{"line":301,"column":null}},"97":{"start":{"line":302,"column":14},"end":{"line":302,"column":null}},"98":{"start":{"line":303,"column":20},"end":{"line":303,"column":null}},"99":{"start":{"line":304,"column":20},"end":{"line":304,"column":null}},"100":{"start":{"line":305,"column":20},"end":{"line":305,"column":null}},"101":{"start":{"line":306,"column":2},"end":{"line":306,"column":null}},"102":{"start":{"line":307,"column":24},"end":{"line":307,"column":null}},"103":{"start":{"line":308,"column":18},"end":{"line":308,"column":null}},"104":{"start":{"line":309,"column":2},"end":{"line":309,"column":null}},"105":{"start":{"line":309,"column":31},"end":{"line":309,"column":null}},"106":{"start":{"line":310,"column":2},"end":{"line":310,"column":null}},"107":{"start":{"line":310,"column":35},"end":{"line":310,"column":null}},"108":{"start":{"line":311,"column":2},"end":{"line":311,"column":null}},"109":{"start":{"line":315,"column":14},"end":{"line":315,"column":null}},"110":{"start":{"line":316,"column":25},"end":{"line":316,"column":null}},"111":{"start":{"line":317,"column":27},"end":{"line":317,"column":null}},"112":{"start":{"line":318,"column":23},"end":{"line":318,"column":null}},"113":{"start":{"line":319,"column":23},"end":{"line":319,"column":null}},"114":{"start":{"line":320,"column":21},"end":{"line":320,"column":null}},"115":{"start":{"line":323,"column":2},"end":{"line":325,"column":null}},"116":{"start":{"line":324,"column":4},"end":{"line":324,"column":null}},"117":{"start":{"line":328,"column":2},"end":{"line":328,"column":null}},"118":{"start":{"line":332,"column":2},"end":{"line":334,"column":null}},"119":{"start":{"line":333,"column":4},"end":{"line":333,"column":null}},"120":{"start":{"line":336,"column":27},"end":{"line":336,"column":null}},"121":{"start":{"line":337,"column":2},"end":{"line":339,"column":null}},"122":{"start":{"line":338,"column":4},"end":{"line":338,"column":null}},"123":{"start":{"line":341,"column":2},"end":{"line":363,"column":null}},"124":{"start":{"line":342,"column":20},"end":{"line":342,"column":null}},"125":{"start":{"line":343,"column":23},"end":{"line":343,"column":null}},"126":{"start":{"line":344,"column":21},"end":{"line":344,"column":null}},"127":{"start":{"line":346,"column":4},"end":{"line":346,"column":null}},"128":{"start":{"line":347,"column":4},"end":{"line":347,"column":null}},"129":{"start":{"line":348,"column":4},"end":{"line":348,"column":null}},"130":{"start":{"line":349,"column":4},"end":{"line":349,"column":null}},"131":{"start":{"line":350,"column":4},"end":{"line":350,"column":null}},"132":{"start":{"line":352,"column":4},"end":{"line":352,"column":null}},"133":{"start":{"line":353,"column":4},"end":{"line":353,"column":null}},"134":{"start":{"line":355,"column":4},"end":{"line":355,"column":null}},"135":{"start":{"line":356,"column":4},"end":{"line":356,"column":null}},"136":{"start":{"line":358,"column":4},"end":{"line":360,"column":null}},"137":{"start":{"line":359,"column":6},"end":{"line":359,"column":null}},"138":{"start":{"line":377,"column":2},"end":{"line":435,"column":null}},"139":{"start":{"line":449,"column":8},"end":{"line":449,"column":null}},"140":{"start":{"line":451,"column":2},"end":{"line":458,"column":null}},"141":{"start":{"line":452,"column":4},"end":{"line":456,"column":null}},"142":{"start":{"line":460,"column":2},"end":{"line":462,"column":null}},"143":{"start":{"line":461,"column":4},"end":{"line":461,"column":null}},"144":{"start":{"line":464,"column":2},"end":{"line":466,"column":null}},"145":{"start":{"line":465,"column":4},"end":{"line":465,"column":null}},"146":{"start":{"line":468,"column":2},"end":{"line":470,"column":null}},"147":{"start":{"line":469,"column":4},"end":{"line":469,"column":null}},"148":{"start":{"line":472,"column":2},"end":{"line":472,"column":null}},"149":{"start":{"line":485,"column":8},"end":{"line":485,"column":null}},"150":{"start":{"line":486,"column":15},"end":{"line":486,"column":null}},"151":{"start":{"line":487,"column":22},"end":{"line":487,"column":null}},"152":{"start":{"line":488,"column":22},"end":{"line":488,"column":null}},"153":{"start":{"line":489,"column":24},"end":{"line":489,"column":null}},"154":{"start":{"line":490,"column":30},"end":{"line":490,"column":null}},"155":{"start":{"line":491,"column":22},"end":{"line":491,"column":null}},"156":{"start":{"line":493,"column":23},"end":{"line":508,"column":null}},"157":{"start":{"line":494,"column":4},"end":{"line":494,"column":null}},"158":{"start":{"line":495,"column":20},"end":{"line":500,"column":null}},"159":{"start":{"line":502,"column":4},"end":{"line":505,"column":null}},"160":{"start":{"line":503,"column":6},"end":{"line":503,"column":null}},"161":{"start":{"line":504,"column":6},"end":{"line":504,"column":null}},"162":{"start":{"line":507,"column":4},"end":{"line":507,"column":null}},"163":{"start":{"line":510,"column":2},"end":{"line":597,"column":null}},"164":{"start":{"line":526,"column":31},"end":{"line":526,"column":null}},"165":{"start":{"line":535,"column":31},"end":{"line":535,"column":null}},"166":{"start":{"line":544,"column":31},"end":{"line":544,"column":null}},"167":{"start":{"line":553,"column":31},"end":{"line":553,"column":null}},"168":{"start":{"line":568,"column":25},"end":{"line":568,"column":null}},"169":{"start":{"line":576,"column":25},"end":{"line":576,"column":null}},"170":{"start":{"line":581,"column":56},"end":{"line":581,"column":null}},"171":{"start":{"line":585,"column":25},"end":{"line":585,"column":null}},"172":{"start":{"line":592,"column":25},"end":{"line":592,"column":null}},"173":{"start":{"line":602,"column":8},"end":{"line":602,"column":null}},"174":{"start":{"line":603,"column":15},"end":{"line":603,"column":null}},"175":{"start":{"line":605,"column":2},"end":{"line":620,"column":null}},"176":{"start":{"line":616,"column":23},"end":{"line":616,"column":null}},"177":{"start":{"line":625,"column":8},"end":{"line":625,"column":null}},"178":{"start":{"line":626,"column":30},"end":{"line":626,"column":null}},"179":{"start":{"line":627,"column":44},"end":{"line":627,"column":null}},"180":{"start":{"line":628,"column":34},"end":{"line":628,"column":null}},"181":{"start":{"line":630,"column":23},"end":{"line":645,"column":null}},"182":{"start":{"line":631,"column":4},"end":{"line":631,"column":null}},"183":{"start":{"line":632,"column":4},"end":{"line":635,"column":null}},"184":{"start":{"line":633,"column":6},"end":{"line":633,"column":null}},"185":{"start":{"line":634,"column":6},"end":{"line":634,"column":null}},"186":{"start":{"line":636,"column":4},"end":{"line":639,"column":null}},"187":{"start":{"line":637,"column":6},"end":{"line":637,"column":null}},"188":{"start":{"line":638,"column":6},"end":{"line":638,"column":null}},"189":{"start":{"line":640,"column":4},"end":{"line":640,"column":null}},"190":{"start":{"line":641,"column":22},"end":{"line":641,"column":null}},"191":{"start":{"line":642,"column":4},"end":{"line":644,"column":null}},"192":{"start":{"line":643,"column":6},"end":{"line":643,"column":null}},"193":{"start":{"line":647,"column":2},"end":{"line":682,"column":null}},"194":{"start":{"line":665,"column":31},"end":{"line":665,"column":null}},"195":{"start":{"line":674,"column":31},"end":{"line":674,"column":null}},"196":{"start":{"line":687,"column":2},"end":{"line":714,"column":null}},"197":{"start":{"line":719,"column":25},"end":{"line":719,"column":null}},"198":{"start":{"line":720,"column":44},"end":{"line":720,"column":null}},"199":{"start":{"line":722,"column":2},"end":{"line":732,"column":null}},"200":{"start":{"line":723,"column":4},"end":{"line":726,"column":null}},"201":{"start":{"line":724,"column":6},"end":{"line":724,"column":null}},"202":{"start":{"line":725,"column":6},"end":{"line":725,"column":null}},"203":{"start":{"line":728,"column":19},"end":{"line":728,"column":null}},"204":{"start":{"line":728,"column":44},"end":{"line":728,"column":72}},"205":{"start":{"line":729,"column":4},"end":{"line":731,"column":null}},"206":{"start":{"line":730,"column":6},"end":{"line":730,"column":null}},"207":{"start":{"line":734,"column":2},"end":{"line":753,"column":null}},"208":{"start":{"line":735,"column":4},"end":{"line":737,"column":null}},"209":{"start":{"line":736,"column":6},"end":{"line":736,"column":null}},"210":{"start":{"line":739,"column":4},"end":{"line":752,"column":null}},"211":{"start":{"line":740,"column":28},"end":{"line":740,"column":null}},"212":{"start":{"line":740,"column":51},"end":{"line":740,"column":83}},"213":{"start":{"line":741,"column":6},"end":{"line":743,"column":null}},"214":{"start":{"line":742,"column":8},"end":{"line":742,"column":null}},"215":{"start":{"line":745,"column":21},"end":{"line":750,"column":null}},"216":{"start":{"line":745,"column":56},"end":{"line":750,"column":8}},"217":{"start":{"line":751,"column":6},"end":{"line":751,"column":null}},"218":{"start":{"line":755,"column":22},"end":{"line":757,"column":null}},"219":{"start":{"line":756,"column":29},"end":{"line":756,"column":61}},"220":{"start":{"line":757,"column":29},"end":{"line":757,"column":42}},"221":{"start":{"line":759,"column":24},"end":{"line":761,"column":null}},"222":{"start":{"line":760,"column":4},"end":{"line":760,"column":null}},"223":{"start":{"line":763,"column":21},"end":{"line":767,"column":null}},"224":{"start":{"line":764,"column":4},"end":{"line":766,"column":null}},"225":{"start":{"line":765,"column":6},"end":{"line":765,"column":null}},"226":{"start":{"line":765,"column":29},"end":{"line":765,"column":83}},"227":{"start":{"line":769,"column":16},"end":{"line":769,"column":null}},"228":{"start":{"line":770,"column":20},"end":{"line":770,"column":null}},"229":{"start":{"line":770,"column":49},"end":{"line":770,"column":58}},"230":{"start":{"line":771,"column":25},"end":{"line":771,"column":null}},"231":{"start":{"line":773,"column":30},"end":{"line":790,"column":null}},"232":{"start":{"line":774,"column":10},"end":{"line":774,"column":null}},"233":{"start":{"line":775,"column":21},"end":{"line":781,"column":null}},"234":{"start":{"line":783,"column":4},"end":{"line":789,"column":null}},"235":{"start":{"line":784,"column":23},"end":{"line":787,"column":null}},"236":{"start":{"line":786,"column":10},"end":{"line":786,"column":null}},"237":{"start":{"line":788,"column":6},"end":{"line":788,"column":null}},"238":{"start":{"line":788,"column":52},"end":{"line":788,"column":80}},"239":{"start":{"line":792,"column":24},"end":{"line":792,"column":null}},"240":{"start":{"line":793,"column":19},"end":{"line":793,"column":null}},"241":{"start":{"line":793,"column":56},"end":{"line":793,"column":93}},"242":{"start":{"line":795,"column":4},"end":{"line":799,"column":null}},"243":{"start":{"line":797,"column":47},"end":{"line":797,"column":75}},"244":{"start":{"line":801,"column":15},"end":{"line":801,"column":null}},"245":{"start":{"line":802,"column":2},"end":{"line":808,"column":null}},"246":{"start":{"line":802,"column":15},"end":{"line":802,"column":41}},"247":{"start":{"line":803,"column":4},"end":{"line":807,"column":null}},"248":{"start":{"line":804,"column":6},"end":{"line":804,"column":null}},"249":{"start":{"line":806,"column":6},"end":{"line":806,"column":null}},"250":{"start":{"line":810,"column":2},"end":{"line":891,"column":null}},"251":{"start":{"line":818,"column":12},"end":{"line":827,"column":null}},"252":{"start":{"line":822,"column":29},"end":{"line":822,"column":null}},"253":{"start":{"line":843,"column":12},"end":{"line":852,"column":null}},"254":{"start":{"line":848,"column":34},"end":{"line":848,"column":null}},"255":{"start":{"line":880,"column":14},"end":{"line":886,"column":null}},"256":{"start":{"line":896,"column":40},"end":{"line":896,"column":null}},"257":{"start":{"line":898,"column":2},"end":{"line":911,"column":null}},"258":{"start":{"line":899,"column":4},"end":{"line":902,"column":null}},"259":{"start":{"line":900,"column":6},"end":{"line":900,"column":null}},"260":{"start":{"line":901,"column":6},"end":{"line":901,"column":null}},"261":{"start":{"line":904,"column":4},"end":{"line":906,"column":null}},"262":{"start":{"line":905,"column":6},"end":{"line":905,"column":null}},"263":{"start":{"line":908,"column":4},"end":{"line":910,"column":null}},"264":{"start":{"line":908,"column":34},"end":{"line":908,"column":60}},"265":{"start":{"line":909,"column":6},"end":{"line":909,"column":null}},"266":{"start":{"line":914,"column":4},"end":{"line":914,"column":null}},"267":{"start":{"line":916,"column":27},"end":{"line":922,"column":null}},"268":{"start":{"line":917,"column":4},"end":{"line":920,"column":null}},"269":{"start":{"line":918,"column":6},"end":{"line":918,"column":null}},"270":{"start":{"line":919,"column":6},"end":{"line":919,"column":null}},"271":{"start":{"line":921,"column":4},"end":{"line":921,"column":null}},"272":{"start":{"line":924,"column":17},"end":{"line":924,"column":null}},"273":{"start":{"line":924,"column":58},"end":{"line":924,"column":79}},"274":{"start":{"line":926,"column":2},"end":{"line":987,"column":null}},"275":{"start":{"line":935,"column":27},"end":{"line":935,"column":null}},"276":{"start":{"line":942,"column":12},"end":{"line":951,"column":null}},"277":{"start":{"line":946,"column":29},"end":{"line":946,"column":null}},"278":{"start":{"line":957,"column":10},"end":{"line":984,"column":null}},"279":{"start":{"line":959,"column":31},"end":{"line":963,"column":null}},"280":{"start":{"line":965,"column":14},"end":{"line":981,"column":null}},"281":{"start":{"line":977,"column":29},"end":{"line":977,"column":null}},"282":{"start":{"line":1002,"column":40},"end":{"line":1002,"column":null}},"283":{"start":{"line":1004,"column":2},"end":{"line":1017,"column":null}},"284":{"start":{"line":1005,"column":4},"end":{"line":1008,"column":null}},"285":{"start":{"line":1006,"column":6},"end":{"line":1006,"column":null}},"286":{"start":{"line":1007,"column":6},"end":{"line":1007,"column":null}},"287":{"start":{"line":1010,"column":4},"end":{"line":1012,"column":null}},"288":{"start":{"line":1011,"column":6},"end":{"line":1011,"column":null}},"289":{"start":{"line":1014,"column":4},"end":{"line":1016,"column":null}},"290":{"start":{"line":1014,"column":34},"end":{"line":1014,"column":60}},"291":{"start":{"line":1015,"column":6},"end":{"line":1015,"column":null}},"292":{"start":{"line":1020,"column":4},"end":{"line":1022,"column":null}},"293":{"start":{"line":1025,"column":4},"end":{"line":1027,"column":null}},"294":{"start":{"line":1029,"column":26},"end":{"line":1040,"column":null}},"295":{"start":{"line":1030,"column":4},"end":{"line":1033,"column":null}},"296":{"start":{"line":1031,"column":6},"end":{"line":1031,"column":null}},"297":{"start":{"line":1032,"column":6},"end":{"line":1032,"column":null}},"298":{"start":{"line":1035,"column":4},"end":{"line":1039,"column":null}},"299":{"start":{"line":1036,"column":27},"end":{"line":1036,"column":null}},"300":{"start":{"line":1037,"column":23},"end":{"line":1037,"column":null}},"301":{"start":{"line":1038,"column":6},"end":{"line":1038,"column":null}},"302":{"start":{"line":1042,"column":27},"end":{"line":1052,"column":null}},"303":{"start":{"line":1043,"column":4},"end":{"line":1046,"column":null}},"304":{"start":{"line":1044,"column":6},"end":{"line":1044,"column":null}},"305":{"start":{"line":1045,"column":6},"end":{"line":1045,"column":null}},"306":{"start":{"line":1048,"column":4},"end":{"line":1051,"column":null}},"307":{"start":{"line":1048,"column":36},"end":{"line":1051,"column":6}},"308":{"start":{"line":1054,"column":22},"end":{"line":1057,"column":null}},"309":{"start":{"line":1055,"column":4},"end":{"line":1055,"column":null}},"310":{"start":{"line":1055,"column":31},"end":{"line":1055,"column":40}},"311":{"start":{"line":1056,"column":4},"end":{"line":1056,"column":null}},"312":{"start":{"line":1059,"column":17},"end":{"line":1066,"column":null}},"313":{"start":{"line":1060,"column":4},"end":{"line":1063,"column":null}},"314":{"start":{"line":1061,"column":6},"end":{"line":1061,"column":null}},"315":{"start":{"line":1062,"column":6},"end":{"line":1062,"column":null}},"316":{"start":{"line":1064,"column":4},"end":{"line":1064,"column":null}},"317":{"start":{"line":1064,"column":31},"end":{"line":1064,"column":41}},"318":{"start":{"line":1065,"column":4},"end":{"line":1065,"column":null}},"319":{"start":{"line":1068,"column":2},"end":{"line":1103,"column":null}},"320":{"start":{"line":1077,"column":27},"end":{"line":1077,"column":null}},"321":{"start":{"line":1084,"column":12},"end":{"line":1093,"column":null}},"322":{"start":{"line":1088,"column":29},"end":{"line":1088,"column":null}},"323":{"start":{"line":1108,"column":40},"end":{"line":1108,"column":null}},"324":{"start":{"line":1110,"column":2},"end":{"line":1123,"column":null}},"325":{"start":{"line":1111,"column":4},"end":{"line":1114,"column":null}},"326":{"start":{"line":1112,"column":6},"end":{"line":1112,"column":null}},"327":{"start":{"line":1113,"column":6},"end":{"line":1113,"column":null}},"328":{"start":{"line":1116,"column":4},"end":{"line":1118,"column":null}},"329":{"start":{"line":1117,"column":6},"end":{"line":1117,"column":null}},"330":{"start":{"line":1120,"column":4},"end":{"line":1122,"column":null}},"331":{"start":{"line":1120,"column":34},"end":{"line":1120,"column":60}},"332":{"start":{"line":1121,"column":6},"end":{"line":1121,"column":null}},"333":{"start":{"line":1126,"column":4},"end":{"line":1128,"column":null}},"334":{"start":{"line":1130,"column":25},"end":{"line":1141,"column":null}},"335":{"start":{"line":1131,"column":4},"end":{"line":1134,"column":null}},"336":{"start":{"line":1132,"column":6},"end":{"line":1132,"column":null}},"337":{"start":{"line":1133,"column":6},"end":{"line":1133,"column":null}},"338":{"start":{"line":1136,"column":4},"end":{"line":1140,"column":null}},"339":{"start":{"line":1137,"column":27},"end":{"line":1137,"column":null}},"340":{"start":{"line":1138,"column":23},"end":{"line":1138,"column":null}},"341":{"start":{"line":1139,"column":6},"end":{"line":1139,"column":null}},"342":{"start":{"line":1143,"column":19},"end":{"line":1145,"column":null}},"343":{"start":{"line":1144,"column":4},"end":{"line":1144,"column":null}},"344":{"start":{"line":1144,"column":20},"end":{"line":1144,"column":66}},"345":{"start":{"line":1147,"column":2},"end":{"line":1185,"column":null}},"346":{"start":{"line":1156,"column":27},"end":{"line":1156,"column":null}},"347":{"start":{"line":1163,"column":12},"end":{"line":1172,"column":null}},"348":{"start":{"line":1167,"column":29},"end":{"line":1167,"column":null}},"349":{"start":{"line":1200,"column":24},"end":{"line":1200,"column":null}},"350":{"start":{"line":1201,"column":22},"end":{"line":1201,"column":null}},"351":{"start":{"line":1202,"column":22},"end":{"line":1202,"column":null}},"352":{"start":{"line":1203,"column":32},"end":{"line":1203,"column":null}},"353":{"start":{"line":1204,"column":32},"end":{"line":1204,"column":null}},"354":{"start":{"line":1205,"column":30},"end":{"line":1205,"column":null}},"355":{"start":{"line":1206,"column":30},"end":{"line":1206,"column":null}},"356":{"start":{"line":1207,"column":56},"end":{"line":1209,"column":null}},"357":{"start":{"line":1211,"column":2},"end":{"line":1225,"column":null}},"358":{"start":{"line":1212,"column":4},"end":{"line":1215,"column":null}},"359":{"start":{"line":1213,"column":6},"end":{"line":1213,"column":null}},"360":{"start":{"line":1214,"column":6},"end":{"line":1214,"column":null}},"361":{"start":{"line":1217,"column":4},"end":{"line":1219,"column":null}},"362":{"start":{"line":1218,"column":6},"end":{"line":1218,"column":null}},"363":{"start":{"line":1221,"column":19},"end":{"line":1221,"column":null}},"364":{"start":{"line":1221,"column":44},"end":{"line":1221,"column":78}},"365":{"start":{"line":1222,"column":4},"end":{"line":1224,"column":null}},"366":{"start":{"line":1223,"column":6},"end":{"line":1223,"column":null}},"367":{"start":{"line":1227,"column":26},"end":{"line":1232,"column":null}},"368":{"start":{"line":1228,"column":4},"end":{"line":1230,"column":null}},"369":{"start":{"line":1229,"column":6},"end":{"line":1229,"column":null}},"370":{"start":{"line":1231,"column":4},"end":{"line":1231,"column":null}},"371":{"start":{"line":1235,"column":4},"end":{"line":1237,"column":null}},"372":{"start":{"line":1239,"column":42},"end":{"line":1245,"column":null}},"373":{"start":{"line":1240,"column":4},"end":{"line":1243,"column":null}},"374":{"start":{"line":1241,"column":6},"end":{"line":1241,"column":null}},"375":{"start":{"line":1242,"column":6},"end":{"line":1242,"column":null}},"376":{"start":{"line":1244,"column":4},"end":{"line":1244,"column":null}},"377":{"start":{"line":1247,"column":20},"end":{"line":1252,"column":null}},"378":{"start":{"line":1248,"column":4},"end":{"line":1248,"column":null}},"379":{"start":{"line":1249,"column":4},"end":{"line":1249,"column":null}},"380":{"start":{"line":1250,"column":4},"end":{"line":1250,"column":null}},"381":{"start":{"line":1251,"column":4},"end":{"line":1251,"column":null}},"382":{"start":{"line":1254,"column":21},"end":{"line":1254,"column":null}},"383":{"start":{"line":1254,"column":27},"end":{"line":1254,"column":null}},"384":{"start":{"line":1256,"column":19},"end":{"line":1267,"column":null}},"385":{"start":{"line":1257,"column":20},"end":{"line":1257,"column":null}},"386":{"start":{"line":1258,"column":4},"end":{"line":1258,"column":null}},"387":{"start":{"line":1258,"column":18},"end":{"line":1258,"column":null}},"388":{"start":{"line":1259,"column":4},"end":{"line":1265,"column":null}},"389":{"start":{"line":1260,"column":6},"end":{"line":1264,"column":null}},"390":{"start":{"line":1261,"column":8},"end":{"line":1263,"column":null}},"391":{"start":{"line":1266,"column":4},"end":{"line":1266,"column":null}},"392":{"start":{"line":1269,"column":24},"end":{"line":1273,"column":null}},"393":{"start":{"line":1270,"column":4},"end":{"line":1272,"column":null}},"394":{"start":{"line":1271,"column":6},"end":{"line":1271,"column":null}},"395":{"start":{"line":1271,"column":52},"end":{"line":1271,"column":61}},"396":{"start":{"line":1271,"column":98},"end":{"line":1271,"column":103}},"397":{"start":{"line":1275,"column":20},"end":{"line":1279,"column":null}},"398":{"start":{"line":1276,"column":4},"end":{"line":1278,"column":null}},"399":{"start":{"line":1277,"column":6},"end":{"line":1277,"column":null}},"400":{"start":{"line":1277,"column":52},"end":{"line":1277,"column":61}},"401":{"start":{"line":1277,"column":98},"end":{"line":1277,"column":103}},"402":{"start":{"line":1281,"column":22},"end":{"line":1302,"column":null}},"403":{"start":{"line":1282,"column":4},"end":{"line":1282,"column":null}},"404":{"start":{"line":1283,"column":20},"end":{"line":1283,"column":null}},"405":{"start":{"line":1284,"column":4},"end":{"line":1286,"column":null}},"406":{"start":{"line":1285,"column":6},"end":{"line":1285,"column":null}},"407":{"start":{"line":1288,"column":4},"end":{"line":1298,"column":null}},"408":{"start":{"line":1288,"column":30},"end":{"line":1298,"column":5}},"409":{"start":{"line":1300,"column":4},"end":{"line":1300,"column":null}},"410":{"start":{"line":1301,"column":4},"end":{"line":1301,"column":null}},"411":{"start":{"line":1304,"column":25},"end":{"line":1308,"column":null}},"412":{"start":{"line":1305,"column":4},"end":{"line":1307,"column":null}},"413":{"start":{"line":1306,"column":6},"end":{"line":1306,"column":null}},"414":{"start":{"line":1306,"column":29},"end":{"line":1306,"column":89}},"415":{"start":{"line":1310,"column":25},"end":{"line":1312,"column":null}},"416":{"start":{"line":1311,"column":4},"end":{"line":1311,"column":null}},"417":{"start":{"line":1311,"column":30},"end":{"line":1311,"column":70}},"418":{"start":{"line":1311,"column":55},"end":{"line":1311,"column":69}},"419":{"start":{"line":1314,"column":2},"end":{"line":1570,"column":null}},"420":{"start":{"line":1324,"column":27},"end":{"line":1324,"column":null}},"421":{"start":{"line":1331,"column":12},"end":{"line":1340,"column":null}},"422":{"start":{"line":1335,"column":29},"end":{"line":1335,"column":null}},"423":{"start":{"line":1370,"column":12},"end":{"line":1370,"column":null}},"424":{"start":{"line":1375,"column":12},"end":{"line":1375,"column":null}},"425":{"start":{"line":1383,"column":14},"end":{"line":1383,"column":null}},"426":{"start":{"line":1393,"column":14},"end":{"line":1393,"column":null}},"427":{"start":{"line":1412,"column":14},"end":{"line":1412,"column":null}},"428":{"start":{"line":1426,"column":18},"end":{"line":1426,"column":null}},"429":{"start":{"line":1437,"column":18},"end":{"line":1437,"column":null}},"430":{"start":{"line":1454,"column":31},"end":{"line":1454,"column":null}},"431":{"start":{"line":1463,"column":31},"end":{"line":1463,"column":null}},"432":{"start":{"line":1469,"column":71},"end":{"line":1469,"column":89}},"433":{"start":{"line":1470,"column":71},"end":{"line":1470,"column":97}},"434":{"start":{"line":1471,"column":71},"end":{"line":1471,"column":88}},"435":{"start":{"line":1475,"column":14},"end":{"line":1482,"column":null}},"436":{"start":{"line":1479,"column":34},"end":{"line":1479,"column":null}},"437":{"start":{"line":1494,"column":12},"end":{"line":1566,"column":null}},"438":{"start":{"line":1505,"column":39},"end":{"line":1505,"column":null}},"439":{"start":{"line":1514,"column":39},"end":{"line":1514,"column":null}},"440":{"start":{"line":1520,"column":83},"end":{"line":1520,"column":105}},"441":{"start":{"line":1521,"column":83},"end":{"line":1521,"column":109}},"442":{"start":{"line":1522,"column":83},"end":{"line":1522,"column":103}},"443":{"start":{"line":1526,"column":26},"end":{"line":1533,"column":null}},"444":{"start":{"line":1530,"column":46},"end":{"line":1530,"column":null}},"445":{"start":{"line":1538,"column":59},"end":{"line":1538,"column":78}},"446":{"start":{"line":1548,"column":47},"end":{"line":1548,"column":58}},"447":{"start":{"line":1559,"column":77},"end":{"line":1559,"column":94}},"448":{"start":{"line":1561,"column":75},"end":{"line":1561,"column":null}},"449":{"start":{"line":1564,"column":75},"end":{"line":1564,"column":100}},"450":{"start":{"line":1584,"column":40},"end":{"line":1584,"column":null}},"451":{"start":{"line":1586,"column":2},"end":{"line":1599,"column":null}},"452":{"start":{"line":1587,"column":4},"end":{"line":1590,"column":null}},"453":{"start":{"line":1588,"column":6},"end":{"line":1588,"column":null}},"454":{"start":{"line":1589,"column":6},"end":{"line":1589,"column":null}},"455":{"start":{"line":1592,"column":4},"end":{"line":1594,"column":null}},"456":{"start":{"line":1593,"column":6},"end":{"line":1593,"column":null}},"457":{"start":{"line":1596,"column":4},"end":{"line":1598,"column":null}},"458":{"start":{"line":1596,"column":34},"end":{"line":1596,"column":60}},"459":{"start":{"line":1597,"column":6},"end":{"line":1597,"column":null}},"460":{"start":{"line":1601,"column":24},"end":{"line":1603,"column":null}},"461":{"start":{"line":1602,"column":4},"end":{"line":1602,"column":null}},"462":{"start":{"line":1606,"column":4},"end":{"line":1608,"column":null}},"463":{"start":{"line":1611,"column":4},"end":{"line":1611,"column":null}},"464":{"start":{"line":1613,"column":28},"end":{"line":1613,"column":null}},"465":{"start":{"line":1613,"column":70},"end":{"line":1613,"column":92}},"466":{"start":{"line":1615,"column":4},"end":{"line":1620,"column":null}},"467":{"start":{"line":1617,"column":47},"end":{"line":1617,"column":75}},"468":{"start":{"line":1622,"column":15},"end":{"line":1622,"column":null}},"469":{"start":{"line":1623,"column":2},"end":{"line":1629,"column":null}},"470":{"start":{"line":1623,"column":15},"end":{"line":1623,"column":41}},"471":{"start":{"line":1624,"column":4},"end":{"line":1628,"column":null}},"472":{"start":{"line":1625,"column":6},"end":{"line":1625,"column":null}},"473":{"start":{"line":1627,"column":6},"end":{"line":1627,"column":null}},"474":{"start":{"line":1631,"column":23},"end":{"line":1662,"column":null}},"475":{"start":{"line":1664,"column":21},"end":{"line":1671,"column":null}},"476":{"start":{"line":1665,"column":4},"end":{"line":1670,"column":null}},"477":{"start":{"line":1666,"column":6},"end":{"line":1668,"column":null}},"478":{"start":{"line":1667,"column":8},"end":{"line":1667,"column":null}},"479":{"start":{"line":1669,"column":6},"end":{"line":1669,"column":null}},"480":{"start":{"line":1673,"column":23},"end":{"line":1673,"column":null}},"481":{"start":{"line":1675,"column":2},"end":{"line":1729,"column":null}},"482":{"start":{"line":1685,"column":27},"end":{"line":1685,"column":null}},"483":{"start":{"line":1692,"column":12},"end":{"line":1701,"column":null}},"484":{"start":{"line":1696,"column":29},"end":{"line":1696,"column":null}},"485":{"start":{"line":1709,"column":28},"end":{"line":1709,"column":null}},"486":{"start":{"line":1710,"column":10},"end":{"line":1725,"column":null}},"487":{"start":{"line":1720,"column":33},"end":{"line":1720,"column":null}},"488":{"start":{"line":1734,"column":32},"end":{"line":1734,"column":null}},"489":{"start":{"line":1734,"column":45},"end":{"line":1734,"column":70}},"490":{"start":{"line":1735,"column":48},"end":{"line":1735,"column":null}},"491":{"start":{"line":1736,"column":38},"end":{"line":1736,"column":null}},"492":{"start":{"line":1738,"column":2},"end":{"line":1740,"column":null}},"493":{"start":{"line":1739,"column":4},"end":{"line":1739,"column":null}},"494":{"start":{"line":1742,"column":28},"end":{"line":1784,"column":null}},"495":{"start":{"line":1743,"column":21},"end":{"line":1743,"column":null}},"496":{"start":{"line":1745,"column":8},"end":{"line":1750,"column":null}},"497":{"start":{"line":1747,"column":55},"end":{"line":1747,"column":83}},"498":{"start":{"line":1752,"column":6},"end":{"line":1783,"column":null}},"499":{"start":{"line":1786,"column":28},"end":{"line":1861,"column":null}},"500":{"start":{"line":1787,"column":23},"end":{"line":1787,"column":null}},"501":{"start":{"line":1788,"column":23},"end":{"line":1788,"column":null}},"502":{"start":{"line":1789,"column":24},"end":{"line":1789,"column":null}},"503":{"start":{"line":1790,"column":28},"end":{"line":1790,"column":null}},"504":{"start":{"line":1791,"column":30},"end":{"line":1791,"column":null}},"505":{"start":{"line":1792,"column":24},"end":{"line":1792,"column":null}},"506":{"start":{"line":1793,"column":26},"end":{"line":1793,"column":null}},"507":{"start":{"line":1794,"column":33},"end":{"line":1794,"column":null}},"508":{"start":{"line":1795,"column":33},"end":{"line":1795,"column":null}},"509":{"start":{"line":1796,"column":30},"end":{"line":1796,"column":null}},"510":{"start":{"line":1797,"column":22},"end":{"line":1797,"column":null}},"511":{"start":{"line":1799,"column":4},"end":{"line":1860,"column":null}},"512":{"start":{"line":1863,"column":24},"end":{"line":1896,"column":null}},"513":{"start":{"line":1864,"column":4},"end":{"line":1864,"column":null}},"514":{"start":{"line":1865,"column":4},"end":{"line":1895,"column":null}},"515":{"start":{"line":1866,"column":19},"end":{"line":1890,"column":null}},"516":{"start":{"line":1867,"column":21},"end":{"line":1867,"column":null}},"517":{"start":{"line":1869,"column":8},"end":{"line":1871,"column":null}},"518":{"start":{"line":1870,"column":10},"end":{"line":1870,"column":null}},"519":{"start":{"line":1873,"column":32},"end":{"line":1875,"column":null}},"520":{"start":{"line":1877,"column":8},"end":{"line":1887,"column":null}},"521":{"start":{"line":1878,"column":10},"end":{"line":1886,"column":null}},"522":{"start":{"line":1889,"column":8},"end":{"line":1889,"column":null}},"523":{"start":{"line":1892,"column":6},"end":{"line":1892,"column":null}},"524":{"start":{"line":1894,"column":6},"end":{"line":1894,"column":null}},"525":{"start":{"line":1898,"column":2},"end":{"line":1900,"column":null}},"526":{"start":{"line":1899,"column":4},"end":{"line":1899,"column":null}},"527":{"start":{"line":1902,"column":2},"end":{"line":1936,"column":null}},"528":{"start":{"line":1916,"column":33},"end":{"line":1916,"column":null}},"529":{"start":{"line":1928,"column":10},"end":{"line":1932,"column":null}},"530":{"start":{"line":1941,"column":8},"end":{"line":1941,"column":null}},"531":{"start":{"line":1942,"column":15},"end":{"line":1942,"column":null}},"532":{"start":{"line":1944,"column":2},"end":{"line":1949,"column":null}},"533":{"start":{"line":1954,"column":2},"end":{"line":1959,"column":null}},"534":{"start":{"line":1964,"column":24},"end":{"line":1964,"column":null}},"535":{"start":{"line":1965,"column":32},"end":{"line":1965,"column":null}},"536":{"start":{"line":1966,"column":32},"end":{"line":1966,"column":null}},"537":{"start":{"line":1968,"column":19},"end":{"line":1976,"column":null}},"538":{"start":{"line":1969,"column":4},"end":{"line":1969,"column":null}},"539":{"start":{"line":1970,"column":17},"end":{"line":1970,"column":null}},"540":{"start":{"line":1971,"column":4},"end":{"line":1971,"column":null}},"541":{"start":{"line":1971,"column":15},"end":{"line":1971,"column":null}},"542":{"start":{"line":1972,"column":15},"end":{"line":1972,"column":null}},"543":{"start":{"line":1973,"column":18},"end":{"line":1973,"column":null}},"544":{"start":{"line":1974,"column":4},"end":{"line":1974,"column":null}},"545":{"start":{"line":1975,"column":4},"end":{"line":1975,"column":null}},"546":{"start":{"line":1978,"column":22},"end":{"line":1978,"column":null}},"547":{"start":{"line":1978,"column":30},"end":{"line":1978,"column":null}},"548":{"start":{"line":1978,"column":67},"end":{"line":1978,"column":78}},"549":{"start":{"line":1980,"column":22},"end":{"line":1980,"column":null}},"550":{"start":{"line":1980,"column":35},"end":{"line":1980,"column":59}},"551":{"start":{"line":1980,"column":59},"end":{"line":1980,"column":85}},"552":{"start":{"line":1981,"column":23},"end":{"line":1981,"column":null}},"553":{"start":{"line":1981,"column":29},"end":{"line":1981,"column":null}},"554":{"start":{"line":1982,"column":21},"end":{"line":1987,"column":null}},"555":{"start":{"line":1983,"column":17},"end":{"line":1983,"column":null}},"556":{"start":{"line":1984,"column":4},"end":{"line":1984,"column":null}},"557":{"start":{"line":1984,"column":15},"end":{"line":1984,"column":null}},"558":{"start":{"line":1985,"column":4},"end":{"line":1985,"column":null}},"559":{"start":{"line":1985,"column":38},"end":{"line":1985,"column":70}},"560":{"start":{"line":1986,"column":4},"end":{"line":1986,"column":null}},"561":{"start":{"line":1989,"column":2},"end":{"line":2038,"column":null}},"562":{"start":{"line":1998,"column":27},"end":{"line":1998,"column":null}},"563":{"start":{"line":2009,"column":12},"end":{"line":2034,"column":null}},"564":{"start":{"line":2018,"column":37},"end":{"line":2018,"column":null}},"565":{"start":{"line":2022,"column":55},"end":{"line":2022,"column":77}},"566":{"start":{"line":2030,"column":77},"end":{"line":2030,"column":97}},"567":{"start":{"line":2031,"column":77},"end":{"line":2031,"column":100}},"568":{"start":{"line":2043,"column":24},"end":{"line":2043,"column":null}},"569":{"start":{"line":2044,"column":24},"end":{"line":2044,"column":null}},"570":{"start":{"line":2046,"column":23},"end":{"line":2051,"column":null}},"571":{"start":{"line":2047,"column":4},"end":{"line":2047,"column":null}},"572":{"start":{"line":2048,"column":4},"end":{"line":2048,"column":null}},"573":{"start":{"line":2049,"column":4},"end":{"line":2049,"column":null}},"574":{"start":{"line":2050,"column":4},"end":{"line":2050,"column":null}},"575":{"start":{"line":2050,"column":21},"end":{"line":2050,"column":38}},"576":{"start":{"line":2053,"column":2},"end":{"line":2073,"column":null}},"577":{"start":{"line":2064,"column":29},"end":{"line":2064,"column":55}},"578":{"start":{"line":2064,"column":55},"end":{"line":2064,"column":72}},"579":{"start":{"line":2078,"column":22},"end":{"line":2078,"column":null}},"580":{"start":{"line":2079,"column":36},"end":{"line":2079,"column":null}},"581":{"start":{"line":2080,"column":36},"end":{"line":2080,"column":null}},"582":{"start":{"line":2081,"column":32},"end":{"line":2081,"column":null}},"583":{"start":{"line":2082,"column":32},"end":{"line":2082,"column":null}},"584":{"start":{"line":2083,"column":30},"end":{"line":2083,"column":null}},"585":{"start":{"line":2084,"column":38},"end":{"line":2084,"column":null}},"586":{"start":{"line":2085,"column":36},"end":{"line":2085,"column":null}},"587":{"start":{"line":2086,"column":38},"end":{"line":2086,"column":null}},"588":{"start":{"line":2087,"column":40},"end":{"line":2087,"column":null}},"589":{"start":{"line":2088,"column":44},"end":{"line":2088,"column":null}},"590":{"start":{"line":2089,"column":48},"end":{"line":2089,"column":null}},"591":{"start":{"line":2090,"column":38},"end":{"line":2090,"column":null}},"592":{"start":{"line":2091,"column":40},"end":{"line":2091,"column":null}},"593":{"start":{"line":2092,"column":32},"end":{"line":2092,"column":null}},"594":{"start":{"line":2093,"column":40},"end":{"line":2093,"column":null}},"595":{"start":{"line":2094,"column":56},"end":{"line":2094,"column":null}},"596":{"start":{"line":2095,"column":36},"end":{"line":2095,"column":null}},"597":{"start":{"line":2096,"column":58},"end":{"line":2098,"column":null}},"598":{"start":{"line":2097,"column":4},"end":{"line":2097,"column":null}},"599":{"start":{"line":2099,"column":52},"end":{"line":2099,"column":null}},"600":{"start":{"line":2100,"column":66},"end":{"line":2100,"column":null}},"601":{"start":{"line":2101,"column":36},"end":{"line":2101,"column":null}},"602":{"start":{"line":2102,"column":30},"end":{"line":2102,"column":null}},"603":{"start":{"line":2103,"column":52},"end":{"line":2103,"column":null}},"604":{"start":{"line":2104,"column":54},"end":{"line":2104,"column":null}},"605":{"start":{"line":2105,"column":58},"end":{"line":2105,"column":null}},"606":{"start":{"line":2106,"column":52},"end":{"line":2106,"column":null}},"607":{"start":{"line":2108,"column":2},"end":{"line":2138,"column":null}},"608":{"start":{"line":2109,"column":4},"end":{"line":2112,"column":null}},"609":{"start":{"line":2110,"column":6},"end":{"line":2110,"column":null}},"610":{"start":{"line":2111,"column":6},"end":{"line":2111,"column":null}},"611":{"start":{"line":2114,"column":17},"end":{"line":2114,"column":null}},"612":{"start":{"line":2116,"column":4},"end":{"line":2122,"column":null}},"613":{"start":{"line":2117,"column":6},"end":{"line":2119,"column":null}},"614":{"start":{"line":2118,"column":8},"end":{"line":2118,"column":null}},"615":{"start":{"line":2120,"column":6},"end":{"line":2120,"column":null}},"616":{"start":{"line":2121,"column":6},"end":{"line":2121,"column":null}},"617":{"start":{"line":2126,"column":8},"end":{"line":2132,"column":null}},"618":{"start":{"line":2127,"column":6},"end":{"line":2127,"column":null}},"619":{"start":{"line":2128,"column":6},"end":{"line":2128,"column":null}},"620":{"start":{"line":2129,"column":6},"end":{"line":2131,"column":null}},"621":{"start":{"line":2130,"column":8},"end":{"line":2130,"column":null}},"622":{"start":{"line":2134,"column":4},"end":{"line":2137,"column":null}},"623":{"start":{"line":2135,"column":6},"end":{"line":2135,"column":null}},"624":{"start":{"line":2136,"column":6},"end":{"line":2136,"column":null}},"625":{"start":{"line":2140,"column":2},"end":{"line":2142,"column":null}},"626":{"start":{"line":2141,"column":4},"end":{"line":2141,"column":null}},"627":{"start":{"line":2144,"column":2},"end":{"line":2275,"column":null}},"628":{"start":{"line":2145,"column":4},"end":{"line":2168,"column":null}},"629":{"start":{"line":2146,"column":6},"end":{"line":2146,"column":null}},"630":{"start":{"line":2147,"column":6},"end":{"line":2147,"column":null}},"631":{"start":{"line":2148,"column":6},"end":{"line":2148,"column":null}},"632":{"start":{"line":2149,"column":6},"end":{"line":2149,"column":null}},"633":{"start":{"line":2150,"column":6},"end":{"line":2150,"column":null}},"634":{"start":{"line":2151,"column":6},"end":{"line":2151,"column":null}},"635":{"start":{"line":2152,"column":6},"end":{"line":2152,"column":null}},"636":{"start":{"line":2153,"column":6},"end":{"line":2153,"column":null}},"637":{"start":{"line":2154,"column":6},"end":{"line":2154,"column":null}},"638":{"start":{"line":2155,"column":6},"end":{"line":2155,"column":null}},"639":{"start":{"line":2156,"column":6},"end":{"line":2156,"column":null}},"640":{"start":{"line":2157,"column":6},"end":{"line":2157,"column":null}},"641":{"start":{"line":2158,"column":6},"end":{"line":2158,"column":null}},"642":{"start":{"line":2159,"column":6},"end":{"line":2159,"column":null}},"643":{"start":{"line":2160,"column":6},"end":{"line":2160,"column":null}},"644":{"start":{"line":2161,"column":6},"end":{"line":2161,"column":null}},"645":{"start":{"line":2162,"column":6},"end":{"line":2162,"column":null}},"646":{"start":{"line":2163,"column":6},"end":{"line":2163,"column":null}},"647":{"start":{"line":2164,"column":6},"end":{"line":2164,"column":null}},"648":{"start":{"line":2165,"column":6},"end":{"line":2165,"column":null}},"649":{"start":{"line":2166,"column":6},"end":{"line":2166,"column":null}},"650":{"start":{"line":2167,"column":6},"end":{"line":2167,"column":null}},"651":{"start":{"line":2170,"column":17},"end":{"line":2170,"column":null}},"652":{"start":{"line":2172,"column":21},"end":{"line":2268,"column":null}},"653":{"start":{"line":2173,"column":6},"end":{"line":2173,"column":null}},"654":{"start":{"line":2175,"column":30},"end":{"line":2179,"column":null}},"655":{"start":{"line":2181,"column":51},"end":{"line":2184,"column":null}},"656":{"start":{"line":2186,"column":6},"end":{"line":2188,"column":null}},"657":{"start":{"line":2187,"column":8},"end":{"line":2187,"column":null}},"658":{"start":{"line":2190,"column":6},"end":{"line":2194,"column":null}},"659":{"start":{"line":2191,"column":8},"end":{"line":2191,"column":null}},"660":{"start":{"line":2192,"column":8},"end":{"line":2192,"column":null}},"661":{"start":{"line":2193,"column":8},"end":{"line":2193,"column":null}},"662":{"start":{"line":2196,"column":6},"end":{"line":2200,"column":null}},"663":{"start":{"line":2197,"column":8},"end":{"line":2197,"column":null}},"664":{"start":{"line":2198,"column":8},"end":{"line":2198,"column":null}},"665":{"start":{"line":2199,"column":8},"end":{"line":2199,"column":null}},"666":{"start":{"line":2202,"column":6},"end":{"line":2248,"column":null}},"667":{"start":{"line":2203,"column":39},"end":{"line":2217,"column":null}},"668":{"start":{"line":2219,"column":8},"end":{"line":2221,"column":null}},"669":{"start":{"line":2220,"column":10},"end":{"line":2220,"column":null}},"670":{"start":{"line":2223,"column":8},"end":{"line":2227,"column":null}},"671":{"start":{"line":2224,"column":10},"end":{"line":2224,"column":null}},"672":{"start":{"line":2225,"column":10},"end":{"line":2225,"column":null}},"673":{"start":{"line":2226,"column":10},"end":{"line":2226,"column":null}},"674":{"start":{"line":2229,"column":8},"end":{"line":2229,"column":null}},"675":{"start":{"line":2230,"column":8},"end":{"line":2230,"column":null}},"676":{"start":{"line":2231,"column":8},"end":{"line":2231,"column":null}},"677":{"start":{"line":2232,"column":8},"end":{"line":2232,"column":null}},"678":{"start":{"line":2233,"column":8},"end":{"line":2233,"column":null}},"679":{"start":{"line":2234,"column":8},"end":{"line":2234,"column":null}},"680":{"start":{"line":2235,"column":8},"end":{"line":2235,"column":null}},"681":{"start":{"line":2236,"column":8},"end":{"line":2236,"column":null}},"682":{"start":{"line":2237,"column":8},"end":{"line":2237,"column":null}},"683":{"start":{"line":2238,"column":8},"end":{"line":2238,"column":null}},"684":{"start":{"line":2239,"column":8},"end":{"line":2239,"column":null}},"685":{"start":{"line":2240,"column":8},"end":{"line":2240,"column":null}},"686":{"start":{"line":2241,"column":8},"end":{"line":2241,"column":null}},"687":{"start":{"line":2242,"column":8},"end":{"line":2242,"column":null}},"688":{"start":{"line":2243,"column":8},"end":{"line":2243,"column":null}},"689":{"start":{"line":2244,"column":8},"end":{"line":2244,"column":null}},"690":{"start":{"line":2245,"column":8},"end":{"line":2245,"column":null}},"691":{"start":{"line":2246,"column":8},"end":{"line":2246,"column":null}},"692":{"start":{"line":2247,"column":8},"end":{"line":2247,"column":null}},"693":{"start":{"line":2250,"column":6},"end":{"line":2250,"column":null}},"694":{"start":{"line":2251,"column":6},"end":{"line":2251,"column":null}},"695":{"start":{"line":2252,"column":6},"end":{"line":2252,"column":null}},"696":{"start":{"line":2253,"column":6},"end":{"line":2253,"column":null}},"697":{"start":{"line":2254,"column":6},"end":{"line":2254,"column":null}},"698":{"start":{"line":2255,"column":6},"end":{"line":2255,"column":null}},"699":{"start":{"line":2256,"column":6},"end":{"line":2256,"column":null}},"700":{"start":{"line":2257,"column":6},"end":{"line":2257,"column":null}},"701":{"start":{"line":2258,"column":6},"end":{"line":2258,"column":null}},"702":{"start":{"line":2259,"column":6},"end":{"line":2259,"column":null}},"703":{"start":{"line":2260,"column":6},"end":{"line":2260,"column":null}},"704":{"start":{"line":2261,"column":6},"end":{"line":2261,"column":null}},"705":{"start":{"line":2262,"column":6},"end":{"line":2262,"column":null}},"706":{"start":{"line":2263,"column":6},"end":{"line":2263,"column":null}},"707":{"start":{"line":2264,"column":6},"end":{"line":2264,"column":null}},"708":{"start":{"line":2265,"column":6},"end":{"line":2265,"column":null}},"709":{"start":{"line":2266,"column":6},"end":{"line":2266,"column":null}},"710":{"start":{"line":2267,"column":6},"end":{"line":2267,"column":null}},"711":{"start":{"line":2270,"column":4},"end":{"line":2270,"column":null}},"712":{"start":{"line":2272,"column":4},"end":{"line":2274,"column":null}},"713":{"start":{"line":2273,"column":6},"end":{"line":2273,"column":null}},"714":{"start":{"line":2277,"column":2},"end":{"line":2319,"column":null}},"715":{"start":{"line":2278,"column":4},"end":{"line":2280,"column":null}},"716":{"start":{"line":2279,"column":6},"end":{"line":2279,"column":null}},"717":{"start":{"line":2282,"column":4},"end":{"line":2299,"column":null}},"718":{"start":{"line":2321,"column":2},"end":{"line":2437,"column":null}},"719":{"start":{"line":2322,"column":4},"end":{"line":2324,"column":null}},"720":{"start":{"line":2323,"column":6},"end":{"line":2323,"column":null}},"721":{"start":{"line":2326,"column":27},"end":{"line":2420,"column":null}},"722":{"start":{"line":2327,"column":18},"end":{"line":2327,"column":null}},"723":{"start":{"line":2328,"column":19},"end":{"line":2328,"column":null}},"724":{"start":{"line":2329,"column":21},"end":{"line":2329,"column":null}},"725":{"start":{"line":2330,"column":22},"end":{"line":2330,"column":null}},"726":{"start":{"line":2331,"column":22},"end":{"line":2331,"column":null}},"727":{"start":{"line":2332,"column":22},"end":{"line":2332,"column":null}},"728":{"start":{"line":2334,"column":6},"end":{"line":2336,"column":null}},"729":{"start":{"line":2335,"column":8},"end":{"line":2335,"column":null}},"730":{"start":{"line":2338,"column":6},"end":{"line":2384,"column":null}},"731":{"start":{"line":2339,"column":31},"end":{"line":2344,"column":null}},"732":{"start":{"line":2341,"column":10},"end":{"line":2343,"column":null}},"733":{"start":{"line":2345,"column":25},"end":{"line":2345,"column":null}},"734":{"start":{"line":2347,"column":8},"end":{"line":2377,"column":null}},"735":{"start":{"line":2348,"column":34},"end":{"line":2350,"column":null}},"736":{"start":{"line":2352,"column":10},"end":{"line":2354,"column":null}},"737":{"start":{"line":2353,"column":12},"end":{"line":2353,"column":null}},"738":{"start":{"line":2356,"column":27},"end":{"line":2356,"column":null}},"739":{"start":{"line":2357,"column":10},"end":{"line":2359,"column":null}},"740":{"start":{"line":2358,"column":12},"end":{"line":2358,"column":null}},"741":{"start":{"line":2360,"column":10},"end":{"line":2360,"column":null}},"742":{"start":{"line":2362,"column":12},"end":{"line":2364,"column":null}},"743":{"start":{"line":2363,"column":41},"end":{"line":2363,"column":66}},"744":{"start":{"line":2365,"column":10},"end":{"line":2375,"column":null}},"745":{"start":{"line":2376,"column":10},"end":{"line":2376,"column":null}},"746":{"start":{"line":2379,"column":8},"end":{"line":2381,"column":null}},"747":{"start":{"line":2380,"column":10},"end":{"line":2380,"column":null}},"748":{"start":{"line":2383,"column":8},"end":{"line":2383,"column":null}},"749":{"start":{"line":2386,"column":6},"end":{"line":2419,"column":null}},"750":{"start":{"line":2387,"column":8},"end":{"line":2387,"column":null}},"751":{"start":{"line":2388,"column":8},"end":{"line":2392,"column":null}},"752":{"start":{"line":2389,"column":10},"end":{"line":2391,"column":null}},"753":{"start":{"line":2390,"column":12},"end":{"line":2390,"column":null}},"754":{"start":{"line":2394,"column":8},"end":{"line":2396,"column":null}},"755":{"start":{"line":2395,"column":10},"end":{"line":2395,"column":null}},"756":{"start":{"line":2398,"column":8},"end":{"line":2404,"column":null}},"757":{"start":{"line":2403,"column":10},"end":{"line":2403,"column":null}},"758":{"start":{"line":2406,"column":8},"end":{"line":2418,"column":null}},"759":{"start":{"line":2407,"column":10},"end":{"line":2417,"column":null}},"760":{"start":{"line":2408,"column":12},"end":{"line":2414,"column":null}},"761":{"start":{"line":2422,"column":4},"end":{"line":2422,"column":null}},"762":{"start":{"line":2423,"column":23},"end":{"line":2423,"column":null}},"763":{"start":{"line":2425,"column":4},"end":{"line":2427,"column":null}},"764":{"start":{"line":2426,"column":6},"end":{"line":2426,"column":null}},"765":{"start":{"line":2439,"column":2},"end":{"line":2448,"column":null}},"766":{"start":{"line":2440,"column":4},"end":{"line":2442,"column":null}},"767":{"start":{"line":2441,"column":6},"end":{"line":2441,"column":null}},"768":{"start":{"line":2444,"column":24},"end":{"line":2444,"column":null}},"769":{"start":{"line":2444,"column":49},"end":{"line":2444,"column":93}},"770":{"start":{"line":2445,"column":4},"end":{"line":2447,"column":null}},"771":{"start":{"line":2446,"column":6},"end":{"line":2446,"column":null}},"772":{"start":{"line":2450,"column":2},"end":{"line":2466,"column":null}},"773":{"start":{"line":2451,"column":4},"end":{"line":2453,"column":null}},"774":{"start":{"line":2452,"column":6},"end":{"line":2452,"column":null}},"775":{"start":{"line":2455,"column":20},"end":{"line":2461,"column":null}},"776":{"start":{"line":2455,"column":49},"end":{"line":2461,"column":6}},"777":{"start":{"line":2463,"column":4},"end":{"line":2465,"column":null}},"778":{"start":{"line":2468,"column":25},"end":{"line":2483,"column":null}},"779":{"start":{"line":2469,"column":4},"end":{"line":2482,"column":null}},"780":{"start":{"line":2470,"column":6},"end":{"line":2481,"column":null}},"781":{"start":{"line":2471,"column":8},"end":{"line":2473,"column":null}},"782":{"start":{"line":2472,"column":10},"end":{"line":2472,"column":null}},"783":{"start":{"line":2475,"column":8},"end":{"line":2480,"column":null}},"784":{"start":{"line":2485,"column":30},"end":{"line":2503,"column":null}},"785":{"start":{"line":2486,"column":4},"end":{"line":2502,"column":null}},"786":{"start":{"line":2487,"column":28},"end":{"line":2487,"column":null}},"787":{"start":{"line":2488,"column":22},"end":{"line":2499,"column":null}},"788":{"start":{"line":2489,"column":8},"end":{"line":2491,"column":null}},"789":{"start":{"line":2490,"column":10},"end":{"line":2490,"column":null}},"790":{"start":{"line":2493,"column":8},"end":{"line":2498,"column":null}},"791":{"start":{"line":2501,"column":6},"end":{"line":2501,"column":null}},"792":{"start":{"line":2505,"column":23},"end":{"line":2524,"column":null}},"793":{"start":{"line":2506,"column":4},"end":{"line":2508,"column":null}},"794":{"start":{"line":2507,"column":6},"end":{"line":2507,"column":null}},"795":{"start":{"line":2510,"column":4},"end":{"line":2510,"column":null}},"796":{"start":{"line":2511,"column":4},"end":{"line":2511,"column":null}},"797":{"start":{"line":2512,"column":4},"end":{"line":2512,"column":null}},"798":{"start":{"line":2514,"column":22},"end":{"line":2517,"column":null}},"799":{"start":{"line":2519,"column":4},"end":{"line":2521,"column":null}},"800":{"start":{"line":2520,"column":6},"end":{"line":2520,"column":null}},"801":{"start":{"line":2523,"column":4},"end":{"line":2523,"column":null}},"802":{"start":{"line":2526,"column":23},"end":{"line":2553,"column":null}},"803":{"start":{"line":2527,"column":4},"end":{"line":2529,"column":null}},"804":{"start":{"line":2528,"column":6},"end":{"line":2528,"column":null}},"805":{"start":{"line":2531,"column":4},"end":{"line":2531,"column":null}},"806":{"start":{"line":2532,"column":4},"end":{"line":2532,"column":null}},"807":{"start":{"line":2533,"column":4},"end":{"line":2533,"column":null}},"808":{"start":{"line":2535,"column":22},"end":{"line":2544,"column":null}},"809":{"start":{"line":2546,"column":4},"end":{"line":2550,"column":null}},"810":{"start":{"line":2547,"column":6},"end":{"line":2547,"column":null}},"811":{"start":{"line":2549,"column":6},"end":{"line":2549,"column":null}},"812":{"start":{"line":2552,"column":4},"end":{"line":2552,"column":null}},"813":{"start":{"line":2555,"column":24},"end":{"line":2560,"column":null}},"814":{"start":{"line":2556,"column":4},"end":{"line":2558,"column":null}},"815":{"start":{"line":2557,"column":6},"end":{"line":2557,"column":null}},"816":{"start":{"line":2559,"column":4},"end":{"line":2559,"column":null}},"817":{"start":{"line":2562,"column":37},"end":{"line":2564,"column":null}},"818":{"start":{"line":2563,"column":4},"end":{"line":2563,"column":null}},"819":{"start":{"line":2566,"column":36},"end":{"line":2570,"column":null}},"820":{"start":{"line":2567,"column":17},"end":{"line":2567,"column":null}},"821":{"start":{"line":2568,"column":4},"end":{"line":2568,"column":null}},"822":{"start":{"line":2569,"column":4},"end":{"line":2569,"column":null}},"823":{"start":{"line":2572,"column":46},"end":{"line":2580,"column":null}},"824":{"start":{"line":2573,"column":4},"end":{"line":2576,"column":null}},"825":{"start":{"line":2574,"column":6},"end":{"line":2574,"column":null}},"826":{"start":{"line":2575,"column":6},"end":{"line":2575,"column":null}},"827":{"start":{"line":2578,"column":19},"end":{"line":2578,"column":null}},"828":{"start":{"line":2579,"column":4},"end":{"line":2579,"column":null}},"829":{"start":{"line":2582,"column":42},"end":{"line":2587,"column":null}},"830":{"start":{"line":2583,"column":4},"end":{"line":2586,"column":null}},"831":{"start":{"line":2583,"column":41},"end":{"line":2586,"column":6}},"832":{"start":{"line":2589,"column":50},"end":{"line":2597,"column":null}},"833":{"start":{"line":2590,"column":4},"end":{"line":2596,"column":null}},"834":{"start":{"line":2590,"column":48},"end":{"line":2596,"column":6}},"835":{"start":{"line":2599,"column":37},"end":{"line":2623,"column":null}},"836":{"start":{"line":2600,"column":4},"end":{"line":2602,"column":null}},"837":{"start":{"line":2601,"column":6},"end":{"line":2601,"column":null}},"838":{"start":{"line":2603,"column":4},"end":{"line":2606,"column":null}},"839":{"start":{"line":2604,"column":6},"end":{"line":2604,"column":null}},"840":{"start":{"line":2605,"column":6},"end":{"line":2605,"column":null}},"841":{"start":{"line":2608,"column":4},"end":{"line":2608,"column":null}},"842":{"start":{"line":2609,"column":4},"end":{"line":2609,"column":null}},"843":{"start":{"line":2610,"column":4},"end":{"line":2610,"column":null}},"844":{"start":{"line":2612,"column":22},"end":{"line":2614,"column":null}},"845":{"start":{"line":2616,"column":4},"end":{"line":2620,"column":null}},"846":{"start":{"line":2617,"column":6},"end":{"line":2617,"column":null}},"847":{"start":{"line":2619,"column":6},"end":{"line":2619,"column":null}},"848":{"start":{"line":2622,"column":4},"end":{"line":2622,"column":null}},"849":{"start":{"line":2625,"column":35},"end":{"line":2653,"column":null}},"850":{"start":{"line":2626,"column":4},"end":{"line":2628,"column":null}},"851":{"start":{"line":2627,"column":6},"end":{"line":2627,"column":null}},"852":{"start":{"line":2629,"column":4},"end":{"line":2632,"column":null}},"853":{"start":{"line":2630,"column":6},"end":{"line":2630,"column":null}},"854":{"start":{"line":2631,"column":6},"end":{"line":2631,"column":null}},"855":{"start":{"line":2634,"column":4},"end":{"line":2634,"column":null}},"856":{"start":{"line":2635,"column":4},"end":{"line":2635,"column":null}},"857":{"start":{"line":2636,"column":4},"end":{"line":2636,"column":null}},"858":{"start":{"line":2638,"column":22},"end":{"line":2644,"column":null}},"859":{"start":{"line":2646,"column":4},"end":{"line":2650,"column":null}},"860":{"start":{"line":2647,"column":6},"end":{"line":2647,"column":null}},"861":{"start":{"line":2649,"column":6},"end":{"line":2649,"column":null}},"862":{"start":{"line":2652,"column":4},"end":{"line":2652,"column":null}},"863":{"start":{"line":2655,"column":31},"end":{"line":2675,"column":null}},"864":{"start":{"line":2656,"column":4},"end":{"line":2658,"column":null}},"865":{"start":{"line":2657,"column":6},"end":{"line":2657,"column":null}},"866":{"start":{"line":2660,"column":4},"end":{"line":2660,"column":null}},"867":{"start":{"line":2661,"column":4},"end":{"line":2661,"column":null}},"868":{"start":{"line":2662,"column":4},"end":{"line":2662,"column":null}},"869":{"start":{"line":2664,"column":22},"end":{"line":2664,"column":null}},"870":{"start":{"line":2666,"column":4},"end":{"line":2670,"column":null}},"871":{"start":{"line":2667,"column":6},"end":{"line":2667,"column":null}},"872":{"start":{"line":2668,"column":6},"end":{"line":2668,"column":null}},"873":{"start":{"line":2669,"column":6},"end":{"line":2669,"column":null}},"874":{"start":{"line":2672,"column":4},"end":{"line":2672,"column":null}},"875":{"start":{"line":2673,"column":4},"end":{"line":2673,"column":null}},"876":{"start":{"line":2674,"column":4},"end":{"line":2674,"column":null}},"877":{"start":{"line":2677,"column":15},"end":{"line":2677,"column":null}},"878":{"start":{"line":2678,"column":26},"end":{"line":2678,"column":null}},"879":{"start":{"line":2679,"column":22},"end":{"line":2679,"column":null}},"880":{"start":{"line":2680,"column":26},"end":{"line":2680,"column":null}},"881":{"start":{"line":2681,"column":19},"end":{"line":2681,"column":null}},"882":{"start":{"line":2683,"column":2},"end":{"line":2978,"column":null}}},"fnMap":{"0":{"name":"(anonymous_0)","decl":{"start":{"line":16,"column":44},"end":{"line":16,"column":45}},"loc":{"start":{"line":16,"column":55},"end":{"line":21,"column":2}},"line":16},"1":{"name":"deriveRole","decl":{"start":{"line":62,"column":16},"end":{"line":62,"column":27}},"loc":{"start":{"line":62,"column":33},"end":{"line":64,"column":null}},"line":62},"2":{"name":"isUserEmailVerified","decl":{"start":{"line":66,"column":16},"end":{"line":66,"column":36}},"loc":{"start":{"line":66,"column":42},"end":{"line":68,"column":null}},"line":66},"3":{"name":"normalizeTasks","decl":{"start":{"line":70,"column":16},"end":{"line":70,"column":31}},"loc":{"start":{"line":70,"column":38},"end":{"line":82,"column":null}},"line":70},"4":{"name":"(anonymous_4)","decl":{"start":{"line":75,"column":12},"end":{"line":75,"column":13}},"loc":{"start":{"line":75,"column":22},"end":{"line":75,"column":60}},"line":75},"5":{"name":"(anonymous_5)","decl":{"start":{"line":76,"column":9},"end":{"line":76,"column":10}},"loc":{"start":{"line":76,"column":27},"end":{"line":81,"column":6}},"line":76},"6":{"name":"normalizeRegulationIndex","decl":{"start":{"line":84,"column":16},"end":{"line":84,"column":41}},"loc":{"start":{"line":84,"column":48},"end":{"line":86,"column":null}},"line":84},"7":{"name":"normalizeRewardPointsByChild","decl":{"start":{"line":88,"column":16},"end":{"line":88,"column":45}},"loc":{"start":{"line":88,"column":52},"end":{"line":98,"column":null}},"line":88},"8":{"name":"(anonymous_8)","decl":{"start":{"line":95,"column":14},"end":{"line":95,"column":15}},"loc":{"start":{"line":95,"column":33},"end":{"line":95,"column":98}},"line":95},"9":{"name":"(anonymous_9)","decl":{"start":{"line":96,"column":11},"end":{"line":96,"column":12}},"loc":{"start":{"line":96,"column":30},"end":{"line":96,"column":51}},"line":96},"10":{"name":"normalizeRewardMessageByChild","decl":{"start":{"line":100,"column":16},"end":{"line":100,"column":46}},"loc":{"start":{"line":100,"column":53},"end":{"line":110,"column":null}},"line":100},"11":{"name":"(anonymous_11)","decl":{"start":{"line":107,"column":14},"end":{"line":107,"column":15}},"loc":{"start":{"line":107,"column":34},"end":{"line":107,"column":88}},"line":107},"12":{"name":"(anonymous_12)","decl":{"start":{"line":108,"column":11},"end":{"line":108,"column":12}},"loc":{"start":{"line":108,"column":31},"end":{"line":108,"column":45}},"line":108},"13":{"name":"normalizeRegulationIndexByChild","decl":{"start":{"line":112,"column":16},"end":{"line":112,"column":48}},"loc":{"start":{"line":112,"column":55},"end":{"line":122,"column":null}},"line":112},"14":{"name":"(anonymous_14)","decl":{"start":{"line":119,"column":14},"end":{"line":119,"column":15}},"loc":{"start":{"line":119,"column":32},"end":{"line":119,"column":81}},"line":119},"15":{"name":"(anonymous_15)","decl":{"start":{"line":120,"column":11},"end":{"line":120,"column":12}},"loc":{"start":{"line":120,"column":29},"end":{"line":120,"column":75}},"line":120},"16":{"name":"normalizeGameProgressByChild","decl":{"start":{"line":124,"column":16},"end":{"line":124,"column":45}},"loc":{"start":{"line":124,"column":52},"end":{"line":155,"column":null}},"line":124},"17":{"name":"(anonymous_17)","decl":{"start":{"line":131,"column":14},"end":{"line":131,"column":15}},"loc":{"start":{"line":131,"column":25},"end":{"line":131,"column":48}},"line":131},"18":{"name":"(anonymous_18)","decl":{"start":{"line":132,"column":11},"end":{"line":132,"column":12}},"loc":{"start":{"line":132,"column":36},"end":{"line":153,"column":7}},"line":132},"19":{"name":"(anonymous_19)","decl":{"start":{"line":135,"column":28},"end":{"line":135,"column":29}},"loc":{"start":{"line":135,"column":38},"end":{"line":151,"column":13}},"line":135},"20":{"name":"(anonymous_20)","decl":{"start":{"line":137,"column":16},"end":{"line":137,"column":17}},"loc":{"start":{"line":138,"column":18},"end":{"line":139,"column":null}},"line":138},"21":{"name":"normalizeCompletionHistory","decl":{"start":{"line":157,"column":16},"end":{"line":157,"column":43}},"loc":{"start":{"line":157,"column":50},"end":{"line":172,"column":null}},"line":157},"22":{"name":"(anonymous_22)","decl":{"start":{"line":163,"column":12},"end":{"line":163,"column":13}},"loc":{"start":{"line":163,"column":23},"end":{"line":163,"column":62}},"line":163},"23":{"name":"(anonymous_23)","decl":{"start":{"line":164,"column":9},"end":{"line":164,"column":10}},"loc":{"start":{"line":164,"column":21},"end":{"line":170,"column":6}},"line":164},"24":{"name":"(anonymous_24)","decl":{"start":{"line":171,"column":10},"end":{"line":171,"column":11}},"loc":{"start":{"line":171,"column":20},"end":{"line":171,"column":48}},"line":171},"25":{"name":"normalizeClaimedBadges","decl":{"start":{"line":174,"column":16},"end":{"line":174,"column":39}},"loc":{"start":{"line":174,"column":46},"end":{"line":180,"column":null}},"line":174},"26":{"name":"(anonymous_26)","decl":{"start":{"line":179,"column":22},"end":{"line":179,"column":23}},"loc":{"start":{"line":179,"column":33},"end":{"line":179,"column":58}},"line":179},"27":{"name":"normalizeReminders","decl":{"start":{"line":182,"column":16},"end":{"line":182,"column":35}},"loc":{"start":{"line":182,"column":42},"end":{"line":200,"column":null}},"line":182},"28":{"name":"(anonymous_28)","decl":{"start":{"line":188,"column":12},"end":{"line":188,"column":13}},"loc":{"start":{"line":188,"column":22},"end":{"line":188,"column":60}},"line":188},"29":{"name":"(anonymous_29)","decl":{"start":{"line":189,"column":9},"end":{"line":189,"column":10}},"loc":{"start":{"line":189,"column":27},"end":{"line":199,"column":6}},"line":189},"30":{"name":"(anonymous_30)","decl":{"start":{"line":194,"column":56},"end":{"line":194,"column":57}},"loc":{"start":{"line":194,"column":63},"end":{"line":194,"column":82}},"line":194},"31":{"name":"normalizeGameProgress","decl":{"start":{"line":202,"column":16},"end":{"line":202,"column":38}},"loc":{"start":{"line":202,"column":44},"end":{"line":224,"column":null}},"line":202},"32":{"name":"(anonymous_32)","decl":{"start":{"line":216,"column":25},"end":{"line":216,"column":26}},"loc":{"start":{"line":217,"column":4},"end":{"line":222,"column":null}},"line":217},"33":{"name":"parseRangeDays","decl":{"start":{"line":226,"column":16},"end":{"line":226,"column":31}},"loc":{"start":{"line":226,"column":42},"end":{"line":229,"column":null}},"line":226},"34":{"name":"getNotificationPermission","decl":{"start":{"line":231,"column":16},"end":{"line":231,"column":44}},"loc":{"start":{"line":231,"column":44},"end":{"line":236,"column":null}},"line":231},"35":{"name":"normalizeReminderPreferences","decl":{"start":{"line":238,"column":16},"end":{"line":238,"column":45}},"loc":{"start":{"line":238,"column":52},"end":{"line":269,"column":null}},"line":238},"36":{"name":"normalizeReminderPreferencesByChild","decl":{"start":{"line":271,"column":16},"end":{"line":271,"column":52}},"loc":{"start":{"line":271,"column":59},"end":{"line":284,"column":null}},"line":271},"37":{"name":"(anonymous_37)","decl":{"start":{"line":278,"column":14},"end":{"line":278,"column":15}},"loc":{"start":{"line":278,"column":25},"end":{"line":278,"column":48}},"line":278},"38":{"name":"(anonymous_38)","decl":{"start":{"line":279,"column":11},"end":{"line":279,"column":12}},"loc":{"start":{"line":279,"column":33},"end":{"line":282,"column":7}},"line":279},"39":{"name":"normalizeChildren","decl":{"start":{"line":288,"column":16},"end":{"line":288,"column":34}},"loc":{"start":{"line":288,"column":41},"end":{"line":297,"column":null}},"line":288},"40":{"name":"(anonymous_40)","decl":{"start":{"line":291,"column":12},"end":{"line":291,"column":13}},"loc":{"start":{"line":291,"column":19},"end":{"line":291,"column":78}},"line":291},"41":{"name":"(anonymous_41)","decl":{"start":{"line":292,"column":9},"end":{"line":292,"column":10}},"loc":{"start":{"line":292,"column":17},"end":{"line":296,"column":6}},"line":292},"42":{"name":"formatLastFired","decl":{"start":{"line":299,"column":16},"end":{"line":299,"column":32}},"loc":{"start":{"line":299,"column":36},"end":{"line":312,"column":null}},"line":299},"43":{"name":"isInDndWindow","decl":{"start":{"line":314,"column":16},"end":{"line":314,"column":30}},"loc":{"start":{"line":314,"column":42},"end":{"line":329,"column":null}},"line":314},"44":{"name":"playReminderTone","decl":{"start":{"line":331,"column":9},"end":{"line":331,"column":28}},"loc":{"start":{"line":331,"column":28},"end":{"line":364,"column":null}},"line":331},"45":{"name":"(anonymous_45)","decl":{"start":{"line":358,"column":25},"end":{"line":358,"column":31}},"loc":{"start":{"line":358,"column":31},"end":{"line":360,"column":null}},"line":358},"46":{"name":"AppShell","decl":{"start":{"line":366,"column":9},"end":{"line":366,"column":18}},"loc":{"start":{"line":376,"column":3},"end":{"line":437,"column":null}},"line":376},"47":{"name":"ProtectedRoute","decl":{"start":{"line":439,"column":9},"end":{"line":439,"column":24}},"loc":{"start":{"line":448,"column":3},"end":{"line":473,"column":null}},"line":448},"48":{"name":"LoginPage","decl":{"start":{"line":475,"column":9},"end":{"line":475,"column":19}},"loc":{"start":{"line":484,"column":3},"end":{"line":599,"column":null}},"line":484},"49":{"name":"(anonymous_49)","decl":{"start":{"line":493,"column":23},"end":{"line":493,"column":24}},"loc":{"start":{"line":493,"column":34},"end":{"line":508,"column":null}},"line":493},"50":{"name":"(anonymous_50)","decl":{"start":{"line":526,"column":20},"end":{"line":526,"column":21}},"loc":{"start":{"line":526,"column":31},"end":{"line":526,"column":null}},"line":526},"51":{"name":"(anonymous_51)","decl":{"start":{"line":535,"column":20},"end":{"line":535,"column":21}},"loc":{"start":{"line":535,"column":31},"end":{"line":535,"column":null}},"line":535},"52":{"name":"(anonymous_52)","decl":{"start":{"line":544,"column":20},"end":{"line":544,"column":21}},"loc":{"start":{"line":544,"column":31},"end":{"line":544,"column":null}},"line":544},"53":{"name":"(anonymous_53)","decl":{"start":{"line":553,"column":20},"end":{"line":553,"column":21}},"loc":{"start":{"line":553,"column":31},"end":{"line":553,"column":null}},"line":553},"54":{"name":"(anonymous_54)","decl":{"start":{"line":568,"column":19},"end":{"line":568,"column":25}},"loc":{"start":{"line":568,"column":25},"end":{"line":568,"column":null}},"line":568},"55":{"name":"(anonymous
[...]
":489,"s:1735:48:1735:Infinity":490,"s:1736:38:1736:Infinity":491,"s:1738:2:1740:Infinity":492,"f:1738:12:1738:18":197,"s:1739:4:1739:Infinity":493,"s:1742:28:1784:Infinity":494,"f:1742:28:1742:34":198,"s:1743:21:1743:Infinity":495,"s:1745:8:1750:Infinity":496,"b:1746:12:1749:Infinity:1750:12:1750:Infinity":230,"f:1747:39:1747:40":199,"s:1747:55:1747:83":497,"s:1752:6:1783:Infinity":498,"b:1762:26:1762:56:1762:56:1762:Infinity":231,"b:1763:25:1763:56:1763:56:1763:Infinity":232,"s:1786:28:1861:Infinity":499,"f:1786:28:1786:29":200,"s:1787:23:1787:Infinity":500,"b:1787:23:1787:55:1787:55:1787:Infinity":233,"s:1788:23:1788:Infinity":501,"b:1788:23:1788:55:1788:55:1788:Infinity":234,"s:1789:24:1789:Infinity":502,"b:1789:24:1789:57:1789:57:1789:Infinity":235,"s:1790:28:1790:Infinity":503,"b:1790:28:1790:66:1790:66:1790:Infinity":236,"s:1791:30:1791:Infinity":504,"b:1791:30:1791:70:1791:70:1791:Infinity":237,"s:1792:24:1792:Infinity":505,"b:1792:24:1792:57:1792:57:1792:Infinity":238,"s:1793:26:1793:Infinity":506,"b:1793:26:1793:61:1793:61:1793:Infinity":239,"s:1794:33:1794:Infinity":507,"b:1794:33:1794:77:1794:77:1794:Infinity":240,"s:1795:33:1795:Infinity":508,"b:1795:33:1795:76:1795:76:1795:Infinity":241,"s:1796:30:1796:Infinity":509,"b:1796:30:1796:70:1796:70:1796:Infinity":242,"s:1797:22:1797:Infinity":510,"b:1797:22:1797:53:1797:53:1797:Infinity":243,"s:1799:4:1860:Infinity":511,"s:1863:24:1896:Infinity":512,"f:1863:24:1863:36":201,"s:1864:4:1864:Infinity":513,"s:1865:4:1895:Infinity":514,"s:1866:19:1890:Infinity":515,"f:1866:42:1866:49":202,"s:1867:21:1867:Infinity":516,"b:1869:8:1871:Infinity:undefined:undefined:undefined:undefined":244,"s:1869:8:1871:Infinity":517,"b:1869:12:1869:25:1869:25:1869:47:1869:47:1869:69":245,"s:1870:10:1870:Infinity":518,"s:1873:32:1875:Infinity":519,"b:1877:8:1887:Infinity:undefined:undefined:undefined:undefined":246,"s:1877:8:1887:Infinity":520,"s:1878:10:1886:Infinity":521,"s:1889:8:1889:Infinity":522,"s:1892:6:1892:Infinity":523,"s:1894:6:1894:Infinity":524,"s:1898:2:1900:Infinity":525,"f:1898:12:1898:18":203,"s:1899:4:1899:Infinity":526,"s:1902:2:1936:Infinity":527,"f:1916:22:1916:23":204,"s:1916:33:1916:Infinity":528,"b:1925:22:1925:81:1925:81:1925:Infinity":247,"f:1927:31:1927:32":205,"s:1928:10:1932:Infinity":529,"b:1935:42:1935:69:1935:69:1935:86":248,"f:1940:9:1940:28":206,"s:1941:8:1941:Infinity":530,"s:1942:15:1942:Infinity":531,"b:1942:15:1942:39:1942:39:1942:Infinity":249,"s:1944:2:1949:Infinity":532,"f:1953:9:1953:24":207,"s:1954:2:1959:Infinity":533,"f:1963:9:1963:22":208,"s:1964:24:1964:Infinity":534,"s:1965:32:1965:Infinity":535,"s:1966:32:1966:Infinity":536,"s:1968:19:1976:Infinity":537,"f:1968:19:1968:20":209,"s:1969:4:1969:Infinity":538,"s:1970:17:1970:Infinity":539,"b:1971:4:1971:Infinity:undefined:undefined:undefined:undefined":250,"s:1971:4:1971:Infinity":540,"s:1971:15:1971:Infinity":541,"s:1972:15:1972:Infinity":542,"s:1973:18:1973:Infinity":543,"s:1974:4:1974:Infinity":544,"s:1975:4:1975:Infinity":545,"s:1978:22:1978:Infinity":546,"f:1978:22:1978:23":210,"s:1978:30:1978:Infinity":547,"f:1978:60:1978:61":211,"s:1978:67:1978:78":548,"s:1980:22:1980:Infinity":549,"f:1980:22:1980:23":212,"s:1980:35:1980:59":550,"s:1980:59:1980:85":551,"s:1981:23:1981:Infinity":552,"f:1981:23:1981:29":213,"s:1981:29:1981:Infinity":553,"s:1982:21:1987:Infinity":554,"f:1982:21:1982:22":214,"s:1983:17:1983:Infinity":555,"b:1984:4:1984:Infinity:undefined:undefined:undefined:undefined":251,"s:1984:4:1984:Infinity":556,"s:1984:15:1984:Infinity":557,"s:1985:4:1985:Infinity":558,"f:1985:31:1985:32":215,"s:1985:38:1985:70":559,"b:1985:52:1985:69:1985:69:1985:70":252,"s:1986:4:1986:Infinity":560,"s:1989:2:2038:Infinity":561,"f:1998:20:1998:21":216,"s:1998:27:1998:Infinity":562,"b:2005:8:2005:Infinity:2007:8:2036:Infinity":253,"f:2008:24:2008:25":217,"s:2009:12:2034:Infinity":563,"b:2014:16:2024:Infinity:2026:16:2026:Infinity":254,"f:2018:30:2018:31":218,"s:2018:37:2018:Infinity":564,"f:2022:49:2022:55":219,"s:2022:55:2022:77":565,"b:2028:15:2028:Infinity:2029:16:2032:Infinity":255,"f:2030:71:2030:77":220,"s:2030:77:2030:97":566,"f:2031:71:2031:77":221,"s:2031:77:2031:100":567,"f:2042:9:2042:21":222,"s:2043:24:2043:Infinity":568,"s:2044:24:2044:Infinity":569,"s:2046:23:2051:Infinity":570,"f:2046:23:2046:24":223,"s:2047:4:2047:Infinity":571,"s:2048:4:2048:Infinity":572,"s:2049:4:2049:Infinity":573,"s:2050:4:2050:Infinity":574,"f:2050:15:2050:21":224,"s:2050:21:2050:38":575,"s:2053:2:2073:Infinity":576,"f:2064:20:2064:21":225,"s:2064:29:2064:55":577,"s:2064:55:2064:72":578,"b:2071:9:2071:18:2071:18:2071:Infinity":256,"f:2077:24:2077:30":226,"s:2078:22:2078:Infinity":579,"s:2079:36:2079:Infinity":580,"s:2080:36:2080:Infinity":581,"s:2081:32:2081:Infinity":582,"s:2082:32:2082:Infinity":583,"s:2083:30:2083:Infinity":584,"s:2084:38:2084:Infinity":585,"s:2085:36:2085:Infinity":586,"s:2086:38:2086:Infinity":587,"s:2087:40:2087:Infinity":588,"s:2088:44:2088:Infinity":589,"s:2089:48:2089:Infinity":590,"s:2090:38:2090:Infinity":591,"s:2091:40:2091:Infinity":592,"s:2092:32:2092:Infinity":593,"s:2093:40:2093:Infinity":594,"s:2094:56:2094:Infinity":595,"s:2095:36:2095:Infinity":596,"s:2096:58:2098:Infinity":597,"f:2096:71:2096:Infinity":227,"s:2097:4:2097:Infinity":598,"s:2099:52:2099:Infinity":599,"s:2100:66:2100:Infinity":600,"s:2101:36:2101:Infinity":601,"s:2102:30:2102:Infinity":602,"s:2103:52:2103:Infinity":603,"s:2104:54:2104:Infinity":604,"s:2105:58:2105:Infinity":605,"s:2106:52:2106:Infinity":606,"s:2108:2:2138:Infinity":607,"f:2108:12:2108:18":228,"b:2109:4:2112:Infinity:undefined:undefined:undefined:undefined":257,"s:2109:4:2112:Infinity":608,"b:2109:8:2109:30:2109:30:2109:41":258,"s:2110:6:2110:Infinity":609,"s:2111:6:2111:Infinity":610,"s:2114:17:2114:Infinity":611,"s:2116:4:2122:Infinity":612,"f:2116:36:2116:37":229,"b:2117:6:2119:Infinity:undefined:undefined:undefined:undefined":259,"s:2117:6:2119:Infinity":613,"s:2118:8:2118:Infinity":614,"s:2120:6:2120:Infinity":615,"b:2120:14:2120:36:2120:36:2120:40":260,"s:2121:6:2121:Infinity":616,"s:2126:8:2132:Infinity":617,"f:2126:40:2126:41":230,"s:2127:6:2127:Infinity":618,"b:2127:14:2127:31:2127:31:2127:35":261,"s:2128:6:2128:Infinity":619,"b:2129:6:2131:Infinity:undefined:undefined:undefined:undefined":262,"s:2129:6:2131:Infinity":620,"s:2130:8:2130:Infinity":621,"s:2134:4:2137:Infinity":622,"f:2134:11:2134:17":231,"s:2135:6:2135:Infinity":623,"s:2136:6:2136:Infinity":624,"s:2140:2:2142:Infinity":625,"f:2140:12:2140:18":232,"s:2141:4:2141:Infinity":626,"s:2144:2:2275:Infinity":627,"f:2144:12:2144:18":233,"b:2145:4:2168:Infinity:undefined:undefined:undefined:undefined":263,"s:2145:4:2168:Infinity":628,"b:2145:8:2145:28:2145:28:2145:39":264,"s:2146:6:2146:Infinity":629,"s:2147:6:2147:Infinity":630,"s:2148:6:2148:Infinity":631,"s:2149:6:2149:Infinity":632,"s:2150:6:2150:Infinity":633,"s:2151:6:2151:Infinity":634,"s:2152:6:2152:Infinity":635,"s:2153:6:2153:Infinity":636,"s:2154:6:2154:Infinity":637,"s:2155:6:2155:Infinity":638,"s:2156:6:2156:Infinity":639,"s:2157:6:2157:Infinity":640,"s:2158:6:2158:Infinity":641,"s:2159:6:2159:Infinity":642,"s:2160:6:2160:Infinity":643,"s:2161:6:2161:Infinity":644,"s:2162:6:2162:Infinity":645,"s:2163:6:2163:Infinity":646,"s:2164:6:2164:Infinity":647,"s:2165:6:2165:Infinity":648,"s:2166:6:2166:Infinity":649,"s:2167:6:2167:Infinity":650,"s:2170:17:2170:Infinity":651,"s:2172:21:2268:Infinity":652,"f:2172:21:2172:33":234,"s:2173:6:2173:Infinity":653,"s:2175:30:2179:Infinity":654,"s:2181:51:2184:Infinity":655,"b:2186:6:2188:Infinity:undefined:undefined:undefined:undefined":265,"s:2186:6:2188:Infinity":656,"s:2187:8:2187:Infinity":657,"b:2190:6:2194:Infinity:undefined:undefined:undefined:undefined":266,"s:2190:6:2194:Infinity":658,"s:2191:8:2191:Infinity":659,"s:2192:8:2192:Infinity":660,"s:2193:8:2193:Infinity":661,"b:2196:6:2200:Infinity:undefined:undefined:undefined:undefined":267,"s:2196:6:2200:Infinity":662,"s:2197:8:2197:Infinity":663,"s:2198:8:2198:Infinity":664,"s:2199:8:2199:Infinity":665,"b:2202:6:2248:Infinity:undefined:undefined:undefined:undefined":268,"s:2202:6:2248:Infinity":666,"s:2203:39:2217:Infinity":667,"b:2219:8:2221:Infinity:undefined:undefined:undefined:undefined":269,"s:2219:8:2221:Infinity":668,"s:2220:10:2220:Infinity":669,"b:2223:8:2227:Infinity:undefined:undefined:undefined:undefined":270,"s:2223:8:2227:Infinity":670,"s:2224:10:2224:Infinity":671,"s:2225:10:2225:Infinity":672,"s:2226:10:2226:Infinity":673,"s:2229:8:2229:Infinity":674,"s:2230:8:2230:Infinity":675,"s:2231:8:2231:Infinity":676,"s:2232:8:2232:Infinity":677,"s:2233:8:2233:Infinity":678,"s:2234:8:2234:Infinity":679,"s:2235:8:2235:Infinity":680,"s:2236:8:2236:Infinity":681,"s:2237:8:2237:Infinity":682,"s:2238:8:2238:Infinity":683,"s:2239:8:2239:Infinity":684,"s:2240:8:2240:Infinity":685,"s:2241:8:2241:Infinity":686,"s:2242:8:2242:Infinity":687,"s:2243:8:2243:Infinity":688,"s:2244:8:2244:Infinity":689,"s:2245:8:2245:Infinity":690,"s:2246:8:2246:Infinity":691,"s:2247:8:2247:Infinity":692,"s:2250:6:2250:Infinity":693,"s:2251:6:2251:Infinity":694,"b:2251:60:2251:81:2251:81:2251:100":271,"s:2252:6:2252:Infinity":695,"b:2252:65:2252:87:2252:87:2252:107":272,"s:2253:6:2253:Infinity":696,"s:2254:6:2254:Infinity":697,"s:2255:6:2255:Infinity":698,"s:2256:6:2256:Infinity":699,"s:2257:6:2257:Infinity":700,"s:2258:6:2258:Infinity":701,"s:2259:6:2259:Infinity":702,"s:2260:6:2260:Infinity":703,"b:2260:61:2260:81:2260:81:2260:83":273,"s:2261:6:2261:Infinity":704,"s:2262:6:2262:Infinity":705,"s:2263:6:2263:Infinity":706,"s:2264:6:2264:Infinity":707,"s:2265:6:2265:Infinity":708,"s:2266:6:2266:Infinity":709,"s:2267:6:2267:Infinity":710,"s:2270:4:2270:Infinity":711,"s:2272:4:2274:Infinity":712,"f:2272:11:2272:17":235,"s:2273:6:2273:Infinity":713,"s:2277:2:2319:Infinity":714,"f:2277:12:2277:18":236,"b:2278:4:2280:Infinity:undefined:undefined:undefined:undefined":274,"s:2278:4:2280:Infinity":715,"b:2278:8:2278:28:2278:28:2278:42:2278:42:2278:53":275,"s:2279:6:2279:Infinity":716,"s:2282:4:2299:Infinity":717,"s:2321:2:2437:Infinity":718,"f:2321:12:2321:18":237,"b:2322:4:2324:Infinity:undefined:undefined:undefined:undefined":276,"s:2322:4:2324:Infinity":719,"b:2322:8:2322:28:2322:28:2322:40":277,"s:2323:6:2323:Infinity":720,"s:2326:27:2420:Infinity":721,"f:2326:27:2326:33":238,"s:2327:18:2327:Infinity":722,"s:2328:19:2328:Infinity":723,"s:2329:21:2329:Infinity":724,"s:2330:22:2330:Infinity":725,"s:2331:22:2331:Infinity":726,"s:2332:22:2332:Infinity":727,"b:2334:6:2336:Infinity:undefined:undefined:undefined:undefined":278,"s:2334:6:2336:Infinity":728,"b:2334:10:2334:34:2334:34:2334:60":279,"s:2335:8:2335:Infinity":729,"s:2338:6:2384:Infinity":730,"f:2338:31:2338:32":239,"s:2339:31:2344:Infinity":731,"f:2340:8:2340:9":240,"s:2341:10:2343:Infinity":732,"b:2341:10:2341:Infinity:2342:10:2342:Infinity:2343:11:2343:38:2343:38:2343:Infinity":280,"s:2345:25:2345:Infinity":733,"s:2347:8:2377:Infinity":734,"s:2348:34:2350:Infinity":735,"b:2349:14:2349:Infinity:2350:14:2350:Infinity":281,"b:2349:43:2349:87:2349:87:2349:106":282,"b:2352:10:2354:Infinity:undefined:undefined:undefined:undefined":283,"s:2352:10:2354:Infinity":736,"b:2352:14:2352:44:2352:44:2352:109":284,"s:2353:12:2353:Infinity":737,"s:2356:27:2356:Infinity":738,"b:2357:10:2359:Infinity:undefined:undefined:undefined:undefined":285,"s:2357:10:2359:Infinity":739,"s:2358:12:2358:Infinity":740,"s:2360:10:2360:Infinity":741,"s:2362:12:2364:Infinity":742,"b:2363:16:2363:Infinity:2364:16:2364:Infinity":286,"b:2362:12:2362:28:2362:28:2362:Infinity":287,"b:2363:16:2363:77:2363:77:2363:Infinity":288,"f:2363:30:2363:31":241,"s:2363:41:2363:66":743,"s:2365:10:2375:Infinity":744,"s:2376:10:2376:Infinity":745,"b:2379:8:2381:Infinity:undefined:undefined:undefined:undefined":289,"s:2379:8:2381:Infinity":746,"s:2380:10:2380:Infinity":747,"s:2383:8:2383:Infinity":748,"b:2386:6:2419:Infinity:undefined:undefined:undefined:undefined":290,"s:2386:6:2419:Infinity":749,"s:2387:8:2387:Infinity":750,"s:2388:8:2392:Infinity":751,"f:2388:21:2388:22":242,"s:2389:10:2391:Infinity":752,"f:2389:22:2389:23":243,"s:2390:12:2390:Infinity":753,"b:2390:39:2390:83:2390:83:2390:Infinity":291,"b:2394:8:2396:Infinity:undefined:undefined:undefined:undefined":292,"s:2394:8:2396:Infinity":754,"s:2395:10:2395:Infinity":755,"b:2398:8:2404:Infinity:undefined:undefined:undefined:undefined":293,"s:2398:8:2404:Infinity":756,"b:2399:10:2399:Infinity:2400:10:2400:Infinity:2401:10:2401:Infinity":294,"s:2403:10:2403:Infinity":757,"b:2406:8:2418:Infinity:undefined:undefined:undefined:undefined":295,"s:2406:8:2418:Infinity":758,"b:2406:12:2406:52:2406:52:2406:85:2406:85:2406:111":296,"s:2407:10:2417:Infinity":759,"s:2408:12:2414:Infinity":760,"b:2409:47:2409:77:2409:77:2409:79":297,"s:2422:4:2422:Infinity":761,"s:2423:23:2423:Infinity":762,"s:2425:4:2427:Infinity":763,"f:2425:11:2425:17":244,"s:2426:6:2426:Infinity":764,"s:2439:2:2448:Infinity":765,"f:2439:12:2439:18":245,"b:2440:4:2442:Infinity:undefined:undefined:undefined:undefined":298,"s:2440:4:2442:Infinity":766,"s:2441:6:2441:Infinity":767,"s:2444:24:2444:Infinity":768,"f:2444:39:2444:40":246,"s:2444:49:2444:93":769,"b:2444:49:2444:81:2444:81:2444:93":299,"b:2445:4:2447:Infinity:undefined:undefined:undefined:undefined":300,"s:2445:4:2447:Infinity":770,"s:2446:6:2446:Infinity":771,"s:2450:2:2466:Infinity":772,"f:2450:12:2450:18":247,"b:2451:4:2453:Infinity:undefined:undefined:undefined:undefined":301,"s:2451:4:2453:Infinity":773,"b:2451:8:2451:28:2451:28:2451:42:2451:42:2451:53":302,"s:2452:6:2452:Infinity":774,"s:2455:20:2461:Infinity":775,"f:2455:37:2455:38":248,"s:2455:49:2461:6":776,"s:2463:4:2465:Infinity":777,"s:2468:25:2483:Infinity":778,"f:2468:25:2468:26":249,"s:2469:4:2482:Infinity":779,"f:2469:20:2469:21":250,"s:2470:6:2481:Infinity":780,"f:2470:18:2470:19":251,"b:2471:8:2473:Infinity:undefined:undefined:undefined:undefined":303,"s:2471:8:2473:Infinity":781,"s:2472:10:2472:Infinity":782,"s:2475:8:2480:Infinity":783,"s:2485:30:2503:Infinity":784,"f:2485:30:2485:31":252,"s:2486:4:2502:Infinity":785,"f:2486:27:2486:28":253,"s:2487:28:2487:Infinity":786,"b:2487:28:2487:48:2487:48:2487:Infinity":304,"s:2488:22:2499:Infinity":787,"f:2488:40:2488:41":254,"b:2489:8:2491:Infinity:undefined:undefined:undefined:undefined":305,"s:2489:8:2491:Infinity":788,"s:2490:10:2490:Infinity":789,"s:2493:8:2498:Infinity":790,"s:2501:6:2501:Infinity":791,"s:2505:23:2524:Infinity":792,"f:2505:23:2505:30":255,"b:2506:4:2508:Infinity:undefined:undefined:undefined:undefined":306,"s:2506:4:2508:Infinity":793,"s:2507:6:2507:Infinity":794,"s:2510:4:2510:Infinity":795,"s:2511:4:2511:Infinity":796,"s:2512:4:2512:Infinity":797,"s:2514:22:2517:Infinity":798,"b:2519:4:2521:Infinity:undefined:undefined:undefined:undefined":307,"s:2519:4:2521:Infinity":799,"s:2520:6:2520:Infinity":800,"s:2523:4:2523:Infinity":801,"s:2526:23:2553:Infinity":802,"f:2526:23:2526:30":256,"b:2527:4:2529:Infinity:undefined:undefined:undefined:undefined":308,"s:2527:4:2529:Infinity":803,"s:2528:6:2528:Infinity":804,"s:2531:4:2531:Infinity":805,"s:2532:4:2532:Infinity":806,"s:2533:4:2533:Infinity":807,"s:2535:22:2544:Infinity":808,"b:2541:35:2541:45:2541:45:2541:Infinity":309,"b:2546:4:2550:Infinity:2548:11:2550:Infinity":310,"s:2546:4:2550:Infinity":809,"s:2547:6:2547:Infinity":810,"s:2549:6:2549:Infinity":811,"s:2552:4:2552:Infinity":812,"s:2555:24:2560:Infinity":813,"f:2555:24:2555:36":257,"b:2556:4:2558:Infinity:undefined:undefined:undefined:undefined":311,"s:2556:4:2558:Infinity":814,"s:2557:6:2557:Infinity":815,"s:2559:4:2559:Infinity":816,"s:2562:37:2564:Infinity":817,"f:2562:37:2562:43":258,"s:2563:4:2563:Infinity":818,"s:2566:36:2570:Infinity":819,"f:2566:36:2566:42":259,"s:2567:17:2567:Infinity":820,"b:2567:17:2567:50:2567:50:2567:Infinity":312,"s:2568:4:2568:Infinity":821,"s:2569:4:2569:Infinity":822,"s:2572:46:2580:Infinity":823,"f:2572:46:2572:58":260,"b:2573:4:2576:Infinity:undefined:undefined:undefined:undefined":313,"s:2573:4:2576:Infinity":824,"b:2573:8:2573:41:2573:41:2573:70":314,"s:2574:6:2574:Infinity":825,"s:2575:6:2575:Infinity":826,"s:2578:19:2578:Infinity":827,"s:2579:4:2579:Infinity":828,"s:2582:42:2587:Infinity":829,"f:2582:42:2582:43":261,"s:2583:4:2586:Infinity":830,"f:2583:27:2583:28":262,"s:2583:41:2586:6":831,"s:2589:50:2597:Infinity":832,"f:2589:50:2589:51":263,"s:2590:4:2596:Infinity":833,"f:2590:34:2590:35":264,"s:2590:48:2596:6":834,"b:2593:12:2593:32:2593:32:2593:Infinity":315,"s:2599:37:2623:Infinity":835,"f:2599:37:2599:44":265,"b:2600:4:2602:Infinity:undefined:undefined:undefined:undefined":316,"s:2600:4:2602:Infinity":836,"s:2601:6:2601:Infinity":837,"b:2603:4:2606:Infinity:undefined:undefined:undefined:undefined":317,"s:2603:4:2606:Infinity":838,"s:2604:6:2604:Infinity":839,"s:2605:6:2605:Infinity":840,"s:2608:4:2608:Infinity":841,"s:2609:4:2609:Infinity":842,"s:2610:4:2610:Infinity":843,"s:2612:22:2614:Infinity":844,"b:2616:4:2620:Infinity:2618:11:2620:Infinity":318,"s:2616:4:2620:Infinity":845,"s:2617:6:2617:Infinity":846,"s:2619:6:2619:Infinity":847,"s:2622:4:2622:Infinity":848,"s:2625:35:2653:Infinity":849,"f:2625:35:2625:42":266,"b:2626:4:2628:Infinity:undefined:undefined:undefined:undefined":319,"s:2626:4:2628:Infinity":850,"s:2627:6:2627:Infinity":851,"b:2629:4:2632:Infinity:undefined:undefined:undefined:undefined":320,"s:2629:4:2632:Infinity":852,"s:2630:6:2630:Infinity":853,"s:2631:6:2631:Infinity":854,"s:2634:4:2634:Infinity":855,"s:2635:4:2635:Infinity":856,"s:2636:4:2636:Infinity":857,"s:2638:22:2644:Infinity":858,"b:2646:4:2650:Infinity:2648:11:2650:Infinity":321,"s:2646:4:2650:Infinity":859,"s:2647:6:2647:Infinity":860,"s:2649:6:2649:Infinity":861,"s:2652:4:2652:Infinity":862,"s:2655:31:2675:Infinity":863,"f:2655:31:2655:38":267,"b:2656:4:2658:Infinity:undefined:undefined:undefined:undefined":322,"s:2656:4:2658:Infinity":864,"s:2657:6:2657:Infinity":865,"s:2660:4:2660:Infinity":866,"s:2661:4:2661:Infinity":867,"s:2662:4:2662:Infinity":868,"s:2664:22:2664:Infinity":869,"b:2666:4:2670:Infinity:undefined:undefined:undefined:undefined":323,"s:2666:4:2670:Infinity":870,"s:2667:6:2667:Infinity":871,"s:2668:6:2668:Infinity":872,"s:2669:6:2669:Infinity":873,"s:2672:4:2672:Infinity":874,"s:2673:4:2673:Infinity":875,"s:2674:4:2674:Infinity":876,"s:2677:15:2677:Infinity":877,"s:2678:26:2678:Infinity":878,"s:2679:22:2679:Infinity":879,"b:2679:22:2679:56:2679:56:2679:71:2679:71:2679:Infinity":324,"s:2680:26:2680:Infinity":880,"s:2681:19:2681:Infinity":881,"b:2681:19:2681:41:2681:41:2681:Infinity":325,"s:2683:2:2978:Infinity":882,"b:2699:14:2699:Infinity:2701:14:2710:Infinity":326,"b:2718:14:2718:Infinity:2719:16:2728:Infinity":327,"b:2720:14:2720:Infinity:2722:14:2728:Infinity":328,"b:2723:23:2723:38:2723:38:2723:Infinity":329}}}
,"/home/runner/work/AR-AutisReality/AR-AutisReality/src/lib/supabaseClient.js": {"path":"/home/runner/work/AR-AutisReality/AR-AutisReality/src/lib/supabaseClient.js","statementMap":{"0":{"start":{"line":3,"column":20},"end":{"line":3,"column":53}},"1":{"start":{"line":4,"column":24},"end":{"line":4,"column":62}},"2":{"start":{"line":6,"column":33},"end":{"line":6,"column":72}},"3":{"start":{"line":8,"column":24},"end":{"line":10,"column":8}}},"fnMap":{},"branchMap":{"0":{"loc":{"start":{"line":6,"column":41},"end":{"line":6,"column":71}},"type":"binary-expr","locations":[{"start":{"line":6,"column":41},"end":{"line":6,"column":52}},{"start":{"line":6,"column":56},"end":{"line":6,"column":71}}],"line":6},"1":{"loc":{"start":{"line":8,"column":24},"end":{"line":10,"column":8}},"type":"cond-expr","locations":[{"start":{"line":9,"column":3},"end":{"line":9,"column":null}},{"start":{"line":10,"column":4},"end":{"line":10,"column":8}}],"line":8}},"s":{"0":3,"1":3,"2":3,"3":3},"f":{},"b":{"0":[3,1],"1":[1,2]},"meta":{"lastBranch":2,"lastFunction":0,"lastStatement":4,"seen":{"s:3:20:3:53":0,"s:4:24:4:62":1,"s:6:33:6:72":2,"b:6:41:6:52:6:56:6:71":0,"s:8:24:10:8":3,"b:9:3:9:Infinity:10:4:10:8":1}}}
}
